{"/home/travis/build/npmtest/node-npmtest-passport-azure-ad/test.js":{"path":"/home/travis/build/npmtest/node-npmtest-passport-azure-ad/test.js","s":{"1":2,"2":2,"3":2,"4":2,"5":2,"6":2,"7":2,"8":1,"9":2,"10":2,"11":1,"12":1,"13":1,"14":1,"15":2,"16":2,"17":2,"18":2,"19":1,"20":1,"21":2,"22":2,"23":2,"24":1,"25":1,"26":1,"27":1,"28":1,"29":1,"30":1,"31":1,"32":1,"33":1,"34":1,"35":1,"36":1,"37":1,"38":1,"39":2,"40":2,"41":1,"42":2,"43":2,"44":1,"45":2,"46":2,"47":1,"48":2,"49":2,"50":1,"51":1,"52":1,"53":1,"54":1},"b":{"1":[2,1,1,1],"2":[1,1,1,1],"3":[1,1],"4":[1,1],"5":[1,1],"6":[1,1],"7":[1,1],"8":[1,1],"9":[1,1],"10":[1,1,1],"11":[1,1],"12":[1,1],"13":[1,1],"14":[1,1],"15":[1,1],"16":[1,1],"17":[1,1]},"f":{"1":2,"2":2,"3":2,"4":2,"5":2,"6":1,"7":1,"8":1,"9":2,"10":2,"11":2,"12":2,"13":1},"fnMap":{"1":{"name":"(anonymous_1)","line":12,"loc":{"start":{"line":12,"column":1},"end":{"line":12,"column":13}}},"2":{"name":"(anonymous_2)","line":19,"loc":{"start":{"line":19,"column":5},"end":{"line":19,"column":17}}},"3":{"name":"(anonymous_3)","line":23,"loc":{"start":{"line":23,"column":24},"end":{"line":23,"column":36}}},"4":{"name":"(anonymous_4)","line":61,"loc":{"start":{"line":61,"column":5},"end":{"line":61,"column":17}}},"5":{"name":"(anonymous_5)","line":82,"loc":{"start":{"line":82,"column":5},"end":{"line":82,"column":17}}},"6":{"name":"(anonymous_6)","line":91,"loc":{"start":{"line":91,"column":77},"end":{"line":94,"column":10}}},"7":{"name":"(anonymous_7)","line":112,"loc":{"start":{"line":112,"column":83},"end":{"line":115,"column":10}},"skip":true},"8":{"name":"(anonymous_8)","line":123,"loc":{"start":{"line":123,"column":77},"end":{"line":126,"column":10}},"skip":true},"9":{"name":"(anonymous_9)","line":139,"loc":{"start":{"line":139,"column":12},"end":{"line":139,"column":40}},"skip":true},"10":{"name":"(anonymous_10)","line":147,"loc":{"start":{"line":147,"column":77},"end":{"line":150,"column":10}},"skip":true},"11":{"name":"(anonymous_11)","line":158,"loc":{"start":{"line":158,"column":83},"end":{"line":161,"column":10}},"skip":true},"12":{"name":"(anonymous_12)","line":169,"loc":{"start":{"line":169,"column":79},"end":{"line":172,"column":10}},"skip":true},"13":{"name":"(anonymous_13)","line":180,"loc":{"start":{"line":180,"column":75},"end":{"line":183,"column":10}},"skip":true}},"statementMap":{"1":{"start":{"line":12,"column":0},"end":{"line":195,"column":5}},"2":{"start":{"line":14,"column":4},"end":{"line":14,"column":14}},"3":{"start":{"line":19,"column":4},"end":{"line":56,"column":9}},"4":{"start":{"line":21,"column":8},"end":{"line":21,"column":19}},"5":{"start":{"line":23,"column":8},"end":{"line":35,"column":13}},"6":{"start":{"line":24,"column":12},"end":{"line":34,"column":13}},"7":{"start":{"line":25,"column":16},"end":{"line":28,"column":30}},"8":{"start":{"line":30,"column":16},"end":{"line":33,"column":27}},"9":{"start":{"line":37,"column":8},"end":{"line":39,"column":21}},"10":{"start":{"line":40,"column":8},"end":{"line":53,"column":9}},"11":{"start":{"line":43,"column":12},"end":{"line":46,"column":14}},"12":{"start":{"line":47,"column":12},"end":{"line":47,"column":18}},"13":{"start":{"line":50,"column":12},"end":{"line":51,"column":33}},"14":{"start":{"line":52,"column":12},"end":{"line":52,"column":18}},"15":{"start":{"line":55,"column":8},"end":{"line":55,"column":35}},"16":{"start":{"line":61,"column":4},"end":{"line":63,"column":9}},"17":{"start":{"line":62,"column":8},"end":{"line":62,"column":15}},"18":{"start":{"line":64,"column":4},"end":{"line":77,"column":5}},"19":{"start":{"line":70,"column":8},"end":{"line":70,"column":14}},"20":{"start":{"line":76,"column":8},"end":{"line":76,"column":14}},"21":{"start":{"line":82,"column":4},"end":{"line":84,"column":9}},"22":{"start":{"line":83,"column":8},"end":{"line":83,"column":15}},"23":{"start":{"line":85,"column":4},"end":{"line":194,"column":5}},"24":{"start":{"line":91,"column":8},"end":{"line":99,"column":10}},"25":{"start":{"line":98,"column":12},"end":{"line":98,"column":35}},"26":{"start":{"line":102,"column":8},"end":{"line":104,"column":63}},"27":{"start":{"line":105,"column":8},"end":{"line":105,"column":14}},"28":{"start":{"line":112,"column":8},"end":{"line":121,"column":10},"skip":true},"29":{"start":{"line":119,"column":12},"end":{"line":119,"column":55},"skip":true},"30":{"start":{"line":120,"column":12},"end":{"line":120,"column":48},"skip":true},"31":{"start":{"line":123,"column":8},"end":{"line":136,"column":10},"skip":true},"32":{"start":{"line":130,"column":12},"end":{"line":130,"column":76},"skip":true},"33":{"start":{"line":131,"column":12},"end":{"line":131,"column":73},"skip":true},"34":{"start":{"line":132,"column":12},"end":{"line":132,"column":74},"skip":true},"35":{"start":{"line":133,"column":12},"end":{"line":133,"column":79},"skip":true},"36":{"start":{"line":134,"column":12},"end":{"line":134,"column":25},"skip":true},"37":{"start":{"line":135,"column":12},"end":{"line":135,"column":45},"skip":true},"38":{"start":{"line":138,"column":8},"end":{"line":145,"column":14},"skip":true},"39":{"start":{"line":143,"column":16},"end":{"line":143,"column":29},"skip":true},"40":{"start":{"line":144,"column":16},"end":{"line":144,"column":55},"skip":true},"41":{"start":{"line":147,"column":8},"end":{"line":156,"column":10},"skip":true},"42":{"start":{"line":154,"column":12},"end":{"line":154,"column":25},"skip":true},"43":{"start":{"line":155,"column":12},"end":{"line":155,"column":45},"skip":true},"44":{"start":{"line":158,"column":8},"end":{"line":167,"column":10},"skip":true},"45":{"start":{"line":165,"column":12},"end":{"line":165,"column":25},"skip":true},"46":{"start":{"line":166,"column":12},"end":{"line":166,"column":48},"skip":true},"47":{"start":{"line":169,"column":8},"end":{"line":178,"column":10},"skip":true},"48":{"start":{"line":176,"column":12},"end":{"line":176,"column":25},"skip":true},"49":{"start":{"line":177,"column":12},"end":{"line":177,"column":46},"skip":true},"50":{"start":{"line":180,"column":8},"end":{"line":189,"column":10},"skip":true},"51":{"start":{"line":187,"column":12},"end":{"line":187,"column":94},"skip":true},"52":{"start":{"line":188,"column":12},"end":{"line":188,"column":48},"skip":true},"53":{"start":{"line":192,"column":8},"end":{"line":192,"column":35},"skip":true},"54":{"start":{"line":193,"column":8},"end":{"line":193,"column":14},"skip":true}},"branchMap":{"1":{"line":25,"type":"binary-expr","locations":[{"start":{"line":25,"column":23},"end":{"line":25,"column":62}},{"start":{"line":26,"column":20},"end":{"line":26,"column":70}},{"start":{"line":27,"column":20},"end":{"line":27,"column":71}},{"start":{"line":28,"column":20},"end":{"line":28,"column":29}}]},"2":{"line":30,"type":"binary-expr","locations":[{"start":{"line":30,"column":23},"end":{"line":30,"column":37}},{"start":{"line":31,"column":20},"end":{"line":31,"column":61}},{"start":{"line":32,"column":20},"end":{"line":32,"column":70}},{"start":{"line":33,"column":20},"end":{"line":33,"column":26}}]},"3":{"line":37,"type":"cond-expr","locations":[{"start":{"line":38,"column":14},"end":{"line":38,"column":20}},{"start":{"line":39,"column":14},"end":{"line":39,"column":20}}]},"4":{"line":40,"type":"switch","locations":[{"start":{"line":42,"column":8},"end":{"line":47,"column":18}},{"start":{"line":49,"column":8},"end":{"line":52,"column":18}}]},"5":{"line":44,"type":"binary-expr","locations":[{"start":{"line":44,"column":16},"end":{"line":44,"column":44}},{"start":{"line":44,"column":48},"end":{"line":44,"column":66}}]},"6":{"line":50,"type":"binary-expr","locations":[{"start":{"line":50,"column":21},"end":{"line":50,"column":49}},{"start":{"line":50,"column":53},"end":{"line":50,"column":72}}]},"7":{"line":64,"type":"switch","locations":[{"start":{"line":69,"column":4},"end":{"line":70,"column":14}},{"start":{"line":75,"column":4},"end":{"line":76,"column":14}}]},"8":{"line":85,"type":"switch","locations":[{"start":{"line":90,"column":4},"end":{"line":105,"column":14}},{"start":{"line":111,"column":4},"end":{"line":193,"column":14},"skip":true}]},"9":{"line":91,"type":"binary-expr","locations":[{"start":{"line":91,"column":42},"end":{"line":91,"column":73}},{"start":{"line":91,"column":77},"end":{"line":99,"column":9}}]},"10":{"line":102,"type":"binary-expr","locations":[{"start":{"line":102,"column":18},"end":{"line":102,"column":32}},{"start":{"line":103,"column":12},"end":{"line":103,"column":53}},{"start":{"line":104,"column":12},"end":{"line":104,"column":61}}]},"11":{"line":112,"type":"binary-expr","locations":[{"start":{"line":112,"column":45},"end":{"line":112,"column":79},"skip":true},{"start":{"line":112,"column":83},"end":{"line":121,"column":9},"skip":true}]},"12":{"line":123,"type":"binary-expr","locations":[{"start":{"line":123,"column":42},"end":{"line":123,"column":73},"skip":true},{"start":{"line":123,"column":77},"end":{"line":136,"column":9},"skip":true}]},"13":{"line":138,"type":"binary-expr","locations":[{"start":{"line":138,"column":48},"end":{"line":138,"column":85},"skip":true},{"start":{"line":139,"column":12},"end":{"line":145,"column":13},"skip":true}]},"14":{"line":147,"type":"binary-expr","locations":[{"start":{"line":147,"column":42},"end":{"line":147,"column":73},"skip":true},{"start":{"line":147,"column":77},"end":{"line":156,"column":9},"skip":true}]},"15":{"line":158,"type":"binary-expr","locations":[{"start":{"line":158,"column":45},"end":{"line":158,"column":79},"skip":true},{"start":{"line":158,"column":83},"end":{"line":167,"column":9},"skip":true}]},"16":{"line":169,"type":"binary-expr","locations":[{"start":{"line":169,"column":43},"end":{"line":169,"column":75},"skip":true},{"start":{"line":169,"column":79},"end":{"line":178,"column":9},"skip":true}]},"17":{"line":180,"type":"binary-expr","locations":[{"start":{"line":180,"column":41},"end":{"line":180,"column":71},"skip":true},{"start":{"line":180,"column":75},"end":{"line":189,"column":9},"skip":true}]}},"code":["/* istanbul instrument in package npmtest_passport_azure_ad */","/*jslint","    bitwise: true,","    browser: true,","    maxerr: 8,","    maxlen: 96,","    node: true,","    nomen: true,","    regexp: true,","    stupid: true","*/","(function () {","    'use strict';","    var local;","","","","    // run shared js-env code - pre-init","    (function () {","        // init local","        local = {};","        // init modeJs","        local.modeJs = (function () {","            try {","                return typeof navigator.userAgent === 'string' &&","                    typeof document.querySelector('body') === 'object' &&","                    typeof XMLHttpRequest.prototype.open === 'function' &&","                    'browser';","            } catch (errorCaughtBrowser) {","                return module.exports &&","                    typeof process.versions.node === 'string' &&","                    typeof require('http').createServer === 'function' &&","                    'node';","            }","        }());","        // init global","        local.global = local.modeJs === 'browser'","            ? window","            : global;","        switch (local.modeJs) {","        // re-init local from window.local","        case 'browser':","            local = local.global.utility2.objectSetDefault(","                local.global.utility2_rollup || local.global.local,","                local.global.utility2","            );","            break;","        // re-init local from example.js","        case 'node':","            local = (local.global.utility2_rollup || require('utility2'))","                .requireReadme();","            break;","        }","        // export local","        local.global.local = local;","    }());","","","","    // run shared js-env code - function","    (function () {","        return;","    }());","    switch (local.modeJs) {","","","","    // run browser js-env code - function","    case 'browser':","        break;","","","","    // run node js-env code - function","    case 'node':","        break;","    }","","","","    // run shared js-env code - post-init","    (function () {","        return;","    }());","    switch (local.modeJs) {","","","","    // run browser js-env code - post-init","    case 'browser':","        local.testCase_browser_nullCase = local.testCase_browser_nullCase || function (","            options,","            onError","        ) {","        /*","         * this function will test browsers's null-case handling-behavior-behavior","         */","            onError(null, options);","        };","","        // run tests","        local.nop(local.modeTest &&","            document.querySelector('#testRunButton1') &&","            document.querySelector('#testRunButton1').click());","        break;","","","","    // run node js-env code - post-init","    /* istanbul ignore next */","    case 'node':","        local.testCase_buildApidoc_default = local.testCase_buildApidoc_default || function (","            options,","            onError","        ) {","        /*","         * this function will test buildApidoc's default handling-behavior-behavior","         */","            options = { modulePathList: module.paths };","            local.buildApidoc(options, onError);","        };","","        local.testCase_buildApp_default = local.testCase_buildApp_default || function (","            options,","            onError","        ) {","        /*","         * this function will test buildApp's default handling-behavior-behavior","         */","            local.testCase_buildReadme_default(options, local.onErrorThrow);","            local.testCase_buildLib_default(options, local.onErrorThrow);","            local.testCase_buildTest_default(options, local.onErrorThrow);","            local.testCase_buildCustomOrg_default(options, local.onErrorThrow);","            options = [];","            local.buildApp(options, onError);","        };","","        local.testCase_buildCustomOrg_default = local.testCase_buildCustomOrg_default ||","            function (options, onError) {","            /*","             * this function will test buildCustomOrg's default handling-behavior","             */","                options = {};","                local.buildCustomOrg(options, onError);","            };","","        local.testCase_buildLib_default = local.testCase_buildLib_default || function (","            options,","            onError","        ) {","        /*","         * this function will test buildLib's default handling-behavior","         */","            options = {};","            local.buildLib(options, onError);","        };","","        local.testCase_buildReadme_default = local.testCase_buildReadme_default || function (","            options,","            onError","        ) {","        /*","         * this function will test buildReadme's default handling-behavior-behavior","         */","            options = {};","            local.buildReadme(options, onError);","        };","","        local.testCase_buildTest_default = local.testCase_buildTest_default || function (","            options,","            onError","        ) {","        /*","         * this function will test buildTest's default handling-behavior","         */","            options = {};","            local.buildTest(options, onError);","        };","","        local.testCase_webpage_default = local.testCase_webpage_default || function (","            options,","            onError","        ) {","        /*","         * this function will test webpage's default handling-behavior","         */","            options = { modeCoverageMerge: true, url: local.serverLocalHost + '?modeTest=1' };","            local.browserTest(options, onError);","        };","","        // run test-server","        local.testRunServer(local);","        break;","    }","}());",""],"l":{"12":2,"14":2,"19":2,"21":2,"23":2,"24":2,"25":2,"30":1,"37":2,"40":2,"43":1,"47":1,"50":1,"52":1,"55":2,"61":2,"62":2,"64":2,"70":1,"76":1,"82":2,"83":2,"85":2,"91":1,"98":1,"102":1,"105":1,"112":1,"119":1,"120":1,"123":1,"130":1,"131":1,"132":1,"133":1,"134":1,"135":1,"138":1,"143":2,"144":2,"147":1,"154":2,"155":2,"158":1,"165":2,"166":2,"169":1,"176":2,"177":2,"180":1,"187":1,"188":1,"192":1,"193":1}},"/home/travis/build/npmtest/node-npmtest-passport-azure-ad/lib.npmtest_passport_azure_ad.js":{"path":"/home/travis/build/npmtest/node-npmtest-passport-azure-ad/lib.npmtest_passport_azure_ad.js","s":{"1":2,"2":2,"3":2,"4":2,"5":2,"6":2,"7":2,"8":1,"9":2,"10":2,"11":2,"12":2,"13":1,"14":1,"15":1,"16":1},"b":{"1":[2,1,1,1],"2":[1,1,1,1],"3":[1,1],"4":[2,2],"5":[1,1]},"f":{"1":2,"2":2,"3":2},"fnMap":{"1":{"name":"(anonymous_1)","line":12,"loc":{"start":{"line":12,"column":1},"end":{"line":12,"column":13}}},"2":{"name":"(anonymous_2)","line":19,"loc":{"start":{"line":19,"column":5},"end":{"line":19,"column":17}}},"3":{"name":"(anonymous_3)","line":23,"loc":{"start":{"line":23,"column":24},"end":{"line":23,"column":36}}}},"statementMap":{"1":{"start":{"line":12,"column":0},"end":{"line":53,"column":5}},"2":{"start":{"line":14,"column":4},"end":{"line":14,"column":14}},"3":{"start":{"line":19,"column":4},"end":{"line":52,"column":9}},"4":{"start":{"line":21,"column":8},"end":{"line":21,"column":19}},"5":{"start":{"line":23,"column":8},"end":{"line":35,"column":13}},"6":{"start":{"line":24,"column":12},"end":{"line":34,"column":13}},"7":{"start":{"line":25,"column":16},"end":{"line":28,"column":30}},"8":{"start":{"line":30,"column":16},"end":{"line":33,"column":27}},"9":{"start":{"line":37,"column":8},"end":{"line":39,"column":21}},"10":{"start":{"line":41,"column":8},"end":{"line":41,"column":54}},"11":{"start":{"line":43,"column":8},"end":{"line":43,"column":62}},"12":{"start":{"line":45,"column":8},"end":{"line":51,"column":9}},"13":{"start":{"line":46,"column":12},"end":{"line":46,"column":68}},"14":{"start":{"line":48,"column":12},"end":{"line":48,"column":35}},"15":{"start":{"line":49,"column":12},"end":{"line":49,"column":49}},"16":{"start":{"line":50,"column":12},"end":{"line":50,"column":43}}},"branchMap":{"1":{"line":25,"type":"binary-expr","locations":[{"start":{"line":25,"column":23},"end":{"line":25,"column":62}},{"start":{"line":26,"column":20},"end":{"line":26,"column":70}},{"start":{"line":27,"column":20},"end":{"line":27,"column":71}},{"start":{"line":28,"column":20},"end":{"line":28,"column":29}}]},"2":{"line":30,"type":"binary-expr","locations":[{"start":{"line":30,"column":23},"end":{"line":30,"column":37}},{"start":{"line":31,"column":20},"end":{"line":31,"column":61}},{"start":{"line":32,"column":20},"end":{"line":32,"column":70}},{"start":{"line":33,"column":20},"end":{"line":33,"column":26}}]},"3":{"line":37,"type":"cond-expr","locations":[{"start":{"line":38,"column":14},"end":{"line":38,"column":20}},{"start":{"line":39,"column":14},"end":{"line":39,"column":20}}]},"4":{"line":41,"type":"binary-expr","locations":[{"start":{"line":41,"column":16},"end":{"line":41,"column":44}},{"start":{"line":41,"column":48},"end":{"line":41,"column":53}}]},"5":{"line":45,"type":"if","locations":[{"start":{"line":45,"column":8},"end":{"line":45,"column":8}},{"start":{"line":45,"column":8},"end":{"line":45,"column":8}}]}},"code":["/* istanbul instrument in package npmtest_passport_azure_ad */","/*jslint","    bitwise: true,","    browser: true,","    maxerr: 8,","    maxlen: 96,","    node: true,","    nomen: true,","    regexp: true,","    stupid: true","*/","(function () {","    'use strict';","    var local;","","","","    // run shared js-env code - pre-init","    (function () {","        // init local","        local = {};","        // init modeJs","        local.modeJs = (function () {","            try {","                return typeof navigator.userAgent === 'string' &&","                    typeof document.querySelector('body') === 'object' &&","                    typeof XMLHttpRequest.prototype.open === 'function' &&","                    'browser';","            } catch (errorCaughtBrowser) {","                return module.exports &&","                    typeof process.versions.node === 'string' &&","                    typeof require('http').createServer === 'function' &&","                    'node';","            }","        }());","        // init global","        local.global = local.modeJs === 'browser'","            ? window","            : global;","        // init utility2_rollup","        local = local.global.utility2_rollup || local;","        // init lib","        local.local = local.npmtest_passport_azure_ad = local;","        // init exports","        if (local.modeJs === 'browser') {","            local.global.utility2_npmtest_passport_azure_ad = local;","        } else {","            module.exports = local;","            module.exports.__dirname = __dirname;","            module.exports.module = module;","        }","    }());","}());",""],"l":{"12":2,"14":2,"19":2,"21":2,"23":2,"24":2,"25":2,"30":1,"37":2,"41":2,"43":2,"45":2,"46":1,"48":1,"49":1,"50":1}},"/home/travis/build/npmtest/node-npmtest-passport-azure-ad/example.js":{"path":"/home/travis/build/npmtest/node-npmtest-passport-azure-ad/example.js","s":{"1":2,"2":2,"3":2,"4":2,"5":2,"6":2,"7":2,"8":1,"9":2,"10":2,"11":2,"12":2,"13":1,"14":2,"15":2,"16":2,"17":2,"18":2,"19":0,"20":2,"21":1,"22":1,"23":1,"24":1,"25":1,"26":0,"27":0,"28":1,"29":1,"30":2,"31":0,"32":0,"33":0,"34":1,"35":2,"36":2,"37":3,"38":3,"39":3,"40":3,"41":0,"42":3,"43":3,"44":3,"45":1,"46":3,"47":1,"48":1,"49":1,"50":1,"51":1,"52":1,"53":1,"54":1,"55":1,"56":1,"57":0,"58":1,"59":6,"60":6,"61":1,"62":2,"63":0,"64":2,"65":1,"66":1,"67":0,"68":0,"69":0,"70":0,"71":0,"72":0,"73":0,"74":0,"75":0,"76":0,"77":0,"78":0,"79":0,"80":0,"81":0,"82":0,"83":0},"b":{"1":[2,1,1,1],"2":[1,1,1,1],"3":[1,1],"4":[2,2],"5":[1,1],"6":[1,1],"7":[2,0],"8":[2,1,1,1,1,1],"9":[0,2,0],"10":[1,1],"11":[2,1,1],"12":[1,0],"13":[0,2],"14":[2,0,0,0,0,0,0],"15":[0,3],"16":[3,0],"17":[1,1],"18":[0,1],"19":[1,2,0,2],"20":[1,0],"21":[1,1],"22":[0,0],"23":[0,0],"24":[0,0],"25":[0,0],"26":[0,0],"27":[0,0],"28":[0,0]},"f":{"1":2,"2":2,"3":2,"4":2,"5":2,"6":2,"7":3,"8":3,"9":3,"10":1,"11":6,"12":0},"fnMap":{"1":{"name":"(anonymous_1)","line":26,"loc":{"start":{"line":26,"column":1},"end":{"line":26,"column":13}}},"2":{"name":"(anonymous_2)","line":33,"loc":{"start":{"line":33,"column":5},"end":{"line":33,"column":17}}},"3":{"name":"(anonymous_3)","line":37,"loc":{"start":{"line":37,"column":24},"end":{"line":37,"column":36}}},"4":{"name":"(anonymous_4)","line":69,"loc":{"start":{"line":69,"column":31},"end":{"line":69,"column":48}},"skip":true},"5":{"name":"(anonymous_5)","line":78,"loc":{"start":{"line":78,"column":26},"end":{"line":78,"column":45}},"skip":true},"6":{"name":"(anonymous_6)","line":123,"loc":{"start":{"line":123,"column":33},"end":{"line":123,"column":48}},"skip":true},"7":{"name":"(anonymous_7)","line":125,"loc":{"start":{"line":125,"column":27},"end":{"line":125,"column":39}},"skip":true},"8":{"name":"(anonymous_8)","line":133,"loc":{"start":{"line":133,"column":59},"end":{"line":133,"column":74}},"skip":true},"9":{"name":"(anonymous_9)","line":143,"loc":{"start":{"line":143,"column":45},"end":{"line":143,"column":62}},"skip":true},"10":{"name":"(anonymous_10)","line":144,"loc":{"start":{"line":144,"column":73},"end":{"line":144,"column":92}},"skip":true},"11":{"name":"(anonymous_11)","line":272,"loc":{"start":{"line":272,"column":51},"end":{"line":272,"column":77}},"skip":true},"12":{"name":"(anonymous_12)","line":315,"loc":{"start":{"line":315,"column":32},"end":{"line":315,"column":61}},"skip":true}},"statementMap":{"1":{"start":{"line":26,"column":0},"end":{"line":326,"column":5}},"2":{"start":{"line":28,"column":4},"end":{"line":28,"column":14}},"3":{"start":{"line":33,"column":4},"end":{"line":60,"column":9}},"4":{"start":{"line":35,"column":8},"end":{"line":35,"column":19}},"5":{"start":{"line":37,"column":8},"end":{"line":49,"column":13}},"6":{"start":{"line":38,"column":12},"end":{"line":48,"column":13}},"7":{"start":{"line":39,"column":16},"end":{"line":42,"column":30}},"8":{"start":{"line":44,"column":16},"end":{"line":47,"column":27}},"9":{"start":{"line":51,"column":8},"end":{"line":53,"column":21}},"10":{"start":{"line":55,"column":8},"end":{"line":57,"column":45}},"11":{"start":{"line":59,"column":8},"end":{"line":59,"column":35}},"12":{"start":{"line":61,"column":4},"end":{"line":325,"column":5}},"13":{"start":{"line":69,"column":8},"end":{"line":121,"column":10},"skip":true},"14":{"start":{"line":70,"column":12},"end":{"line":88,"column":13},"skip":true},"15":{"start":{"line":76,"column":16},"end":{"line":87,"column":19},"skip":true},"16":{"start":{"line":79,"column":20},"end":{"line":86,"column":21},"skip":true},"17":{"start":{"line":82,"column":24},"end":{"line":82,"column":43},"skip":true},"18":{"start":{"line":83,"column":24},"end":{"line":83,"column":30},"skip":true},"19":{"start":{"line":85,"column":24},"end":{"line":85,"column":49},"skip":true},"20":{"start":{"line":89,"column":12},"end":{"line":107,"column":13},"skip":true},"21":{"start":{"line":92,"column":16},"end":{"line":102,"column":17},"skip":true},"22":{"start":{"line":93,"column":20},"end":{"line":93,"column":86},"skip":true},"23":{"start":{"line":94,"column":20},"end":{"line":95,"column":45},"skip":true},"24":{"start":{"line":96,"column":20},"end":{"line":96,"column":42},"skip":true},"25":{"start":{"line":97,"column":20},"end":{"line":97,"column":48},"skip":true},"26":{"start":{"line":100,"column":20},"end":{"line":100,"column":85},"skip":true},"27":{"start":{"line":101,"column":20},"end":{"line":101,"column":96},"skip":true},"28":{"start":{"line":103,"column":16},"end":{"line":103,"column":22},"skip":true},"29":{"start":{"line":106,"column":16},"end":{"line":106,"column":22},"skip":true},"30":{"start":{"line":108,"column":12},"end":{"line":120,"column":13},"skip":true},"31":{"start":{"line":114,"column":16},"end":{"line":119,"column":17},"skip":true},"32":{"start":{"line":116,"column":20},"end":{"line":116,"column":78},"skip":true},"33":{"start":{"line":118,"column":20},"end":{"line":118,"column":47},"skip":true},"34":{"start":{"line":123,"column":8},"end":{"line":141,"column":11},"skip":true},"35":{"start":{"line":124,"column":12},"end":{"line":124,"column":54},"skip":true},"36":{"start":{"line":125,"column":12},"end":{"line":140,"column":14},"skip":true},"37":{"start":{"line":126,"column":16},"end":{"line":126,"column":28},"skip":true},"38":{"start":{"line":127,"column":16},"end":{"line":127,"column":69},"skip":true},"39":{"start":{"line":128,"column":16},"end":{"line":128,"column":75},"skip":true},"40":{"start":{"line":129,"column":16},"end":{"line":131,"column":17},"skip":true},"41":{"start":{"line":130,"column":20},"end":{"line":130,"column":27},"skip":true},"42":{"start":{"line":133,"column":16},"end":{"line":137,"column":36},"skip":true},"43":{"start":{"line":134,"column":20},"end":{"line":136,"column":55},"skip":true},"44":{"start":{"line":139,"column":16},"end":{"line":139,"column":57},"skip":true},"45":{"start":{"line":143,"column":8},"end":{"line":147,"column":11},"skip":true},"46":{"start":{"line":144,"column":12},"end":{"line":146,"column":15},"skip":true},"47":{"start":{"line":145,"column":16},"end":{"line":145,"column":70},"skip":true},"48":{"start":{"line":149,"column":8},"end":{"line":149,"column":31},"skip":true},"49":{"start":{"line":150,"column":8},"end":{"line":150,"column":14},"skip":true},"50":{"start":{"line":158,"column":8},"end":{"line":158,"column":31},"skip":true},"51":{"start":{"line":160,"column":8},"end":{"line":160,"column":33},"skip":true},"52":{"start":{"line":161,"column":8},"end":{"line":161,"column":37},"skip":true},"53":{"start":{"line":162,"column":8},"end":{"line":162,"column":35},"skip":true},"54":{"start":{"line":164,"column":8},"end":{"line":164,"column":50},"skip":true},"55":{"start":{"line":166,"column":8},"end":{"line":256,"column":2},"skip":true},"56":{"start":{"line":258,"column":8},"end":{"line":286,"column":9},"skip":true},"57":{"start":{"line":259,"column":12},"end":{"line":269,"column":14},"skip":true},"58":{"start":{"line":271,"column":12},"end":{"line":285,"column":19},"skip":true},"59":{"start":{"line":274,"column":20},"end":{"line":274,"column":35},"skip":true},"60":{"start":{"line":275,"column":20},"end":{"line":284,"column":21},"skip":true},"61":{"start":{"line":277,"column":24},"end":{"line":277,"column":64},"skip":true},"62":{"start":{"line":279,"column":24},"end":{"line":279,"column":40},"skip":true},"63":{"start":{"line":281,"column":24},"end":{"line":281,"column":40},"skip":true},"64":{"start":{"line":283,"column":24},"end":{"line":283,"column":39},"skip":true},"65":{"start":{"line":288,"column":8},"end":{"line":290,"column":9},"skip":true},"66":{"start":{"line":289,"column":12},"end":{"line":289,"column":18},"skip":true},"67":{"start":{"line":291,"column":8},"end":{"line":293,"column":54},"skip":true},"68":{"start":{"line":296,"column":8},"end":{"line":301,"column":37},"skip":true},"69":{"start":{"line":303,"column":8},"end":{"line":303,"column":82},"skip":true},"70":{"start":{"line":306,"column":8},"end":{"line":308,"column":9},"skip":true},"71":{"start":{"line":307,"column":12},"end":{"line":307,"column":82},"skip":true},"72":{"start":{"line":310,"column":8},"end":{"line":312,"column":9},"skip":true},"73":{"start":{"line":311,"column":12},"end":{"line":311,"column":18},"skip":true},"74":{"start":{"line":313,"column":8},"end":{"line":313,"column":54},"skip":true},"75":{"start":{"line":314,"column":8},"end":{"line":314,"column":69},"skip":true},"76":{"start":{"line":315,"column":8},"end":{"line":323,"column":36},"skip":true},"77":{"start":{"line":316,"column":12},"end":{"line":316,"column":61},"skip":true},"78":{"start":{"line":317,"column":12},"end":{"line":320,"column":13},"skip":true},"79":{"start":{"line":318,"column":16},"end":{"line":318,"column":75},"skip":true},"80":{"start":{"line":319,"column":16},"end":{"line":319,"column":23},"skip":true},"81":{"start":{"line":321,"column":12},"end":{"line":321,"column":38},"skip":true},"82":{"start":{"line":322,"column":12},"end":{"line":322,"column":27},"skip":true},"83":{"start":{"line":324,"column":8},"end":{"line":324,"column":14},"skip":true}},"branchMap":{"1":{"line":39,"type":"binary-expr","locations":[{"start":{"line":39,"column":23},"end":{"line":39,"column":62}},{"start":{"line":40,"column":20},"end":{"line":40,"column":70}},{"start":{"line":41,"column":20},"end":{"line":41,"column":71}},{"start":{"line":42,"column":20},"end":{"line":42,"column":29}}]},"2":{"line":44,"type":"binary-expr","locations":[{"start":{"line":44,"column":23},"end":{"line":44,"column":37}},{"start":{"line":45,"column":20},"end":{"line":45,"column":61}},{"start":{"line":46,"column":20},"end":{"line":46,"column":70}},{"start":{"line":47,"column":20},"end":{"line":47,"column":26}}]},"3":{"line":51,"type":"cond-expr","locations":[{"start":{"line":52,"column":14},"end":{"line":52,"column":20}},{"start":{"line":53,"column":14},"end":{"line":53,"column":20}}]},"4":{"line":55,"type":"binary-expr","locations":[{"start":{"line":55,"column":16},"end":{"line":55,"column":44}},{"start":{"line":55,"column":49},"end":{"line":57,"column":43}}]},"5":{"line":55,"type":"cond-expr","locations":[{"start":{"line":56,"column":14},"end":{"line":56,"column":61}},{"start":{"line":57,"column":14},"end":{"line":57,"column":43}}]},"6":{"line":61,"type":"switch","locations":[{"start":{"line":68,"column":4},"end":{"line":150,"column":14},"skip":true},{"start":{"line":156,"column":4},"end":{"line":324,"column":14},"skip":true}]},"7":{"line":70,"type":"if","locations":[{"start":{"line":70,"column":12},"end":{"line":70,"column":12},"skip":true},{"start":{"line":70,"column":12},"end":{"line":70,"column":12},"skip":true}]},"8":{"line":70,"type":"binary-expr","locations":[{"start":{"line":70,"column":16},"end":{"line":70,"column":22},"skip":true},{"start":{"line":70,"column":27},"end":{"line":70,"column":32},"skip":true},{"start":{"line":71,"column":20},"end":{"line":71,"column":39},"skip":true},{"start":{"line":72,"column":20},"end":{"line":72,"column":49},"skip":true},{"start":{"line":73,"column":20},"end":{"line":73,"column":58},"skip":true},{"start":{"line":74,"column":20},"end":{"line":74,"column":69},"skip":true}]},"9":{"line":79,"type":"switch","locations":[{"start":{"line":80,"column":20},"end":{"line":80,"column":33},"skip":true},{"start":{"line":81,"column":20},"end":{"line":83,"column":30},"skip":true},{"start":{"line":84,"column":20},"end":{"line":85,"column":49},"skip":true}]},"10":{"line":89,"type":"switch","locations":[{"start":{"line":90,"column":12},"end":{"line":103,"column":22},"skip":true},{"start":{"line":105,"column":12},"end":{"line":106,"column":22},"skip":true}]},"11":{"line":89,"type":"binary-expr","locations":[{"start":{"line":89,"column":20},"end":{"line":89,"column":25},"skip":true},{"start":{"line":89,"column":29},"end":{"line":89,"column":48},"skip":true},{"start":{"line":89,"column":52},"end":{"line":89,"column":74},"skip":true}]},"12":{"line":92,"type":"if","locations":[{"start":{"line":92,"column":16},"end":{"line":92,"column":16},"skip":true},{"start":{"line":92,"column":16},"end":{"line":92,"column":16},"skip":true}]},"13":{"line":108,"type":"if","locations":[{"start":{"line":108,"column":12},"end":{"line":108,"column":12},"skip":true},{"start":{"line":108,"column":12},"end":{"line":108,"column":12},"skip":true}]},"14":{"line":108,"type":"binary-expr","locations":[{"start":{"line":108,"column":16},"end":{"line":108,"column":61},"skip":true},{"start":{"line":108,"column":66},"end":{"line":108,"column":72},"skip":true},{"start":{"line":108,"column":77},"end":{"line":108,"column":82},"skip":true},{"start":{"line":109,"column":20},"end":{"line":109,"column":39},"skip":true},{"start":{"line":110,"column":20},"end":{"line":110,"column":49},"skip":true},{"start":{"line":111,"column":20},"end":{"line":111,"column":58},"skip":true},{"start":{"line":112,"column":20},"end":{"line":112,"column":68},"skip":true}]},"15":{"line":129,"type":"if","locations":[{"start":{"line":129,"column":16},"end":{"line":129,"column":16},"skip":true},{"start":{"line":129,"column":16},"end":{"line":129,"column":16},"skip":true}]},"16":{"line":134,"type":"cond-expr","locations":[{"start":{"line":135,"column":26},"end":{"line":135,"column":29},"skip":true},{"start":{"line":136,"column":26},"end":{"line":136,"column":54},"skip":true}]},"17":{"line":164,"type":"binary-expr","locations":[{"start":{"line":164,"column":27},"end":{"line":164,"column":43},"skip":true},{"start":{"line":164,"column":47},"end":{"line":164,"column":49},"skip":true}]},"18":{"line":258,"type":"if","locations":[{"start":{"line":258,"column":8},"end":{"line":258,"column":8},"skip":true},{"start":{"line":258,"column":8},"end":{"line":258,"column":8},"skip":true}]},"19":{"line":275,"type":"switch","locations":[{"start":{"line":276,"column":20},"end":{"line":277,"column":64},"skip":true},{"start":{"line":278,"column":20},"end":{"line":279,"column":40},"skip":true},{"start":{"line":280,"column":20},"end":{"line":281,"column":40},"skip":true},{"start":{"line":282,"column":20},"end":{"line":283,"column":39},"skip":true}]},"20":{"line":288,"type":"if","locations":[{"start":{"line":288,"column":8},"end":{"line":288,"column":8},"skip":true},{"start":{"line":288,"column":8},"end":{"line":288,"column":8},"skip":true}]},"21":{"line":288,"type":"binary-expr","locations":[{"start":{"line":288,"column":12},"end":{"line":288,"column":40},"skip":true},{"start":{"line":288,"column":44},"end":{"line":288,"column":67},"skip":true}]},"22":{"line":292,"type":"binary-expr","locations":[{"start":{"line":292,"column":12},"end":{"line":292,"column":50},"skip":true},{"start":{"line":293,"column":12},"end":{"line":293,"column":53},"skip":true}]},"23":{"line":297,"type":"binary-expr","locations":[{"start":{"line":297,"column":12},"end":{"line":297,"column":75},"skip":true},{"start":{"line":298,"column":12},"end":{"line":301,"column":36},"skip":true}]},"24":{"line":303,"type":"binary-expr","locations":[{"start":{"line":303,"column":43},"end":{"line":303,"column":75},"skip":true},{"start":{"line":303,"column":79},"end":{"line":303,"column":81},"skip":true}]},"25":{"line":306,"type":"if","locations":[{"start":{"line":306,"column":8},"end":{"line":306,"column":8},"skip":true},{"start":{"line":306,"column":8},"end":{"line":306,"column":8},"skip":true}]},"26":{"line":310,"type":"if","locations":[{"start":{"line":310,"column":8},"end":{"line":310,"column":8},"skip":true},{"start":{"line":310,"column":8},"end":{"line":310,"column":8},"skip":true}]},"27":{"line":313,"type":"binary-expr","locations":[{"start":{"line":313,"column":27},"end":{"line":313,"column":43},"skip":true},{"start":{"line":313,"column":47},"end":{"line":313,"column":53},"skip":true}]},"28":{"line":317,"type":"if","locations":[{"start":{"line":317,"column":12},"end":{"line":317,"column":12},"skip":true},{"start":{"line":317,"column":12},"end":{"line":317,"column":12},"skip":true}]}},"code":["/*","example.js","","quickstart example","","instruction","    1. save this script as example.js","    2. run the shell command:","        $ npm install npmtest-passport-azure-ad && PORT=8081 node example.js","    3. play with the browser-demo on http://127.0.0.1:8081","*/","","","","/* istanbul instrument in package npmtest_passport_azure_ad */","/*jslint","    bitwise: true,","    browser: true,","    maxerr: 8,","    maxlen: 96,","    node: true,","    nomen: true,","    regexp: true,","    stupid: true","*/","(function () {","    'use strict';","    var local;","","","","    // run shared js-env code - pre-init","    (function () {","        // init local","        local = {};","        // init modeJs","        local.modeJs = (function () {","            try {","                return typeof navigator.userAgent === 'string' &&","                    typeof document.querySelector('body') === 'object' &&","                    typeof XMLHttpRequest.prototype.open === 'function' &&","                    'browser';","            } catch (errorCaughtBrowser) {","                return module.exports &&","                    typeof process.versions.node === 'string' &&","                    typeof require('http').createServer === 'function' &&","                    'node';","            }","        }());","        // init global","        local.global = local.modeJs === 'browser'","            ? window","            : global;","        // init utility2_rollup","        local = local.global.utility2_rollup || (local.modeJs === 'browser'","            ? local.global.utility2_npmtest_passport_azure_ad","            : global.utility2_moduleExports);","        // export local","        local.global.local = local;","    }());","    switch (local.modeJs) {","","","","    // post-init","    // run browser js-env code - post-init","    /* istanbul ignore next */","    case 'browser':","        local.testRunBrowser = function (event) {","            if (!event || (event &&","                    event.currentTarget &&","                    event.currentTarget.className &&","                    event.currentTarget.className.includes &&","                    event.currentTarget.className.includes('onreset'))) {","                // reset output","                Array.from(","                    document.querySelectorAll('body > .resettable')","                ).forEach(function (element) {","                    switch (element.tagName) {","                    case 'INPUT':","                    case 'TEXTAREA':","                        element.value = '';","                        break;","                    default:","                        element.textContent = '';","                    }","                });","            }","            switch (event && event.currentTarget && event.currentTarget.id) {","            case 'testRunButton1':","                // show tests","                if (document.querySelector('#testReportDiv1').style.display === 'none') {","                    document.querySelector('#testReportDiv1').style.display = 'block';","                    document.querySelector('#testRunButton1').textContent =","                        'hide internal test';","                    local.modeTest = true;","                    local.testRunDefault(local);","                // hide tests","                } else {","                    document.querySelector('#testReportDiv1').style.display = 'none';","                    document.querySelector('#testRunButton1').textContent = 'run internal test';","                }","                break;","            // custom-case","            default:","                break;","            }","            if (document.querySelector('#inputTextareaEval1') && (!event || (event &&","                    event.currentTarget &&","                    event.currentTarget.className &&","                    event.currentTarget.className.includes &&","                    event.currentTarget.className.includes('oneval')))) {","                // try to eval input-code","                try {","                    /*jslint evil: true*/","                    eval(document.querySelector('#inputTextareaEval1').value);","                } catch (errorCaught) {","                    console.error(errorCaught);","                }","            }","        };","        // log stderr and stdout to #outputTextareaStdout1","        ['error', 'log'].forEach(function (key) {","            console[key + '_original'] = console[key];","            console[key] = function () {","                var element;","                console[key + '_original'].apply(console, arguments);","                element = document.querySelector('#outputTextareaStdout1');","                if (!element) {","                    return;","                }","                // append text to #outputTextareaStdout1","                element.value += Array.from(arguments).map(function (arg) {","                    return typeof arg === 'string'","                        ? arg","                        : JSON.stringify(arg, null, 4);","                }).join(' ') + '\\n';","                // scroll textarea to bottom","                element.scrollTop = element.scrollHeight;","            };","        });","        // init event-handling","        ['change', 'click', 'keyup'].forEach(function (event) {","            Array.from(document.querySelectorAll('.on' + event)).forEach(function (element) {","                element.addEventListener(event, local.testRunBrowser);","            });","        });","        // run tests","        local.testRunBrowser();","        break;","","","","    // run node js-env code - post-init","    /* istanbul ignore next */","    case 'node':","        // export local","        module.exports = local;","        // require modules","        local.fs = require('fs');","        local.http = require('http');","        local.url = require('url');","        // init assets","        local.assetsDict = local.assetsDict || {};","        /* jslint-ignore-begin */","        local.assetsDict['/assets.index.template.html'] = '\\","<!doctype html>\\n\\","<html lang=\"en\">\\n\\","<head>\\n\\","<meta charset=\"UTF-8\">\\n\\","<meta name=\"viewport\" content=\"width=device-width, initial-scale=1\">\\n\\","<title>{{env.npm_package_name}} (v{{env.npm_package_version}})</title>\\n\\","<style>\\n\\","/*csslint\\n\\","    box-sizing: false,\\n\\","    universal-selector: false\\n\\","*/\\n\\","* {\\n\\","    box-sizing: border-box;\\n\\","}\\n\\","body {\\n\\","    background: #dde;\\n\\","    font-family: Arial, Helvetica, sans-serif;\\n\\","    margin: 2rem;\\n\\","}\\n\\","body > * {\\n\\","    margin-bottom: 1rem;\\n\\","}\\n\\",".utility2FooterDiv {\\n\\","    margin-top: 20px;\\n\\","    text-align: center;\\n\\","}\\n\\","</style>\\n\\","<style>\\n\\","/*csslint\\n\\","*/\\n\\","textarea {\\n\\","    font-family: monospace;\\n\\","    height: 10rem;\\n\\","    width: 100%;\\n\\","}\\n\\","textarea[readonly] {\\n\\","    background: #ddd;\\n\\","}\\n\\","</style>\\n\\","</head>\\n\\","<body>\\n\\","<!-- utility2-comment\\n\\","<div id=\"ajaxProgressDiv1\" style=\"background: #d00; height: 2px; left: 0; margin: 0; padding: 0; position: fixed; top: 0; transition: background 0.5s, width 1.5s; width: 25%;\"></div>\\n\\","utility2-comment -->\\n\\","<h1>\\n\\","<!-- utility2-comment\\n\\","    <a\\n\\","        {{#if env.npm_package_homepage}}\\n\\","        href=\"{{env.npm_package_homepage}}\"\\n\\","        {{/if env.npm_package_homepage}}\\n\\","        target=\"_blank\"\\n\\","    >\\n\\","utility2-comment -->\\n\\","        {{env.npm_package_name}} (v{{env.npm_package_version}})\\n\\","<!-- utility2-comment\\n\\","    </a>\\n\\","utility2-comment -->\\n\\","</h1>\\n\\","<h3>{{env.npm_package_description}}</h3>\\n\\","<!-- utility2-comment\\n\\","<h4><a download href=\"assets.app.js\">download standalone app</a></h4>\\n\\","<button class=\"onclick onreset\" id=\"testRunButton1\">run internal test</button><br>\\n\\","<div id=\"testReportDiv1\" style=\"display: none;\"></div>\\n\\","utility2-comment -->\\n\\","\\n\\","\\n\\","\\n\\","<label>stderr and stdout</label>\\n\\","<textarea class=\"resettable\" id=\"outputTextareaStdout1\" readonly></textarea>\\n\\","<!-- utility2-comment\\n\\","{{#if isRollup}}\\n\\","<script src=\"assets.app.js\"></script>\\n\\","{{#unless isRollup}}\\n\\","utility2-comment -->\\n\\","<script src=\"assets.utility2.rollup.js\"></script>\\n\\","<script src=\"jsonp.utility2._stateInit?callback=window.utility2._stateInit\"></script>\\n\\","<script src=\"assets.npmtest_passport_azure_ad.rollup.js\"></script>\\n\\","<script src=\"assets.example.js\"></script>\\n\\","<script src=\"assets.test.js\"></script>\\n\\","<!-- utility2-comment\\n\\","{{/if isRollup}}\\n\\","utility2-comment -->\\n\\","<div class=\"utility2FooterDiv\">\\n\\","    [ this app was created with\\n\\","    <a href=\"https://github.com/kaizhu256/node-utility2\" target=\"_blank\">utility2</a>\\n\\","    ]\\n\\","</div>\\n\\","</body>\\n\\","</html>\\n\\","';","        /* jslint-ignore-end */","        if (local.templateRender) {","            local.assetsDict['/'] = local.templateRender(","                local.assetsDict['/assets.index.template.html'],","                {","                    env: local.objectSetDefault(local.env, {","                        npm_package_description: 'the greatest app in the world!',","                        npm_package_name: 'my-app',","                        npm_package_nameAlias: 'my_app',","                        npm_package_version: '0.0.1'","                    })","                }","            );","        } else {","            local.assetsDict['/'] = local.assetsDict['/assets.index.template.html']","                .replace((/\\{\\{env\\.(\\w+?)\\}\\}/g), function (match0, match1) {","                    // jslint-hack","                    String(match0);","                    switch (match1) {","                    case 'npm_package_description':","                        return 'the greatest app in the world!';","                    case 'npm_package_name':","                        return 'my-app';","                    case 'npm_package_nameAlias':","                        return 'my_app';","                    case 'npm_package_version':","                        return '0.0.1';","                    }","                });","        }","        // run the cli","        if (local.global.utility2_rollup || module !== require.main) {","            break;","        }","        local.assetsDict['/assets.example.js'] =","            local.assetsDict['/assets.example.js'] ||","            local.fs.readFileSync(__filename, 'utf8');","        // bug-workaround - long $npm_package_buildCustomOrg","        /* jslint-ignore-begin */","        local.assetsDict['/assets.npmtest_passport_azure_ad.rollup.js'] =","            local.assetsDict['/assets.npmtest_passport_azure_ad.rollup.js'] ||","            local.fs.readFileSync(","                local.npmtest_passport_azure_ad.__dirname + '/lib.npmtest_passport_azure_ad.js',","                'utf8'","            ).replace((/^#!/), '//');","        /* jslint-ignore-end */","        local.assetsDict['/favicon.ico'] = local.assetsDict['/favicon.ico'] || '';","        // if $npm_config_timeout_exit exists,","        // then exit this process after $npm_config_timeout_exit ms","        if (Number(process.env.npm_config_timeout_exit)) {","            setTimeout(process.exit, Number(process.env.npm_config_timeout_exit));","        }","        // start server","        if (local.global.utility2_serverHttp1) {","            break;","        }","        process.env.PORT = process.env.PORT || '8081';","        console.error('server starting on port ' + process.env.PORT);","        local.http.createServer(function (request, response) {","            request.urlParsed = local.url.parse(request.url);","            if (local.assetsDict[request.urlParsed.pathname] !== undefined) {","                response.end(local.assetsDict[request.urlParsed.pathname]);","                return;","            }","            response.statusCode = 404;","            response.end();","        }).listen(process.env.PORT);","        break;","    }","}());",""],"l":{"26":2,"28":2,"33":2,"35":2,"37":2,"38":2,"39":2,"44":1,"51":2,"55":2,"59":2,"61":2,"69":1,"70":2,"76":2,"79":2,"82":2,"83":2,"85":1,"89":2,"92":1,"93":1,"94":1,"96":1,"97":1,"100":1,"101":1,"103":1,"106":1,"108":2,"114":1,"116":1,"118":1,"123":1,"124":2,"125":2,"126":3,"127":3,"128":3,"129":3,"130":1,"133":3,"134":3,"139":3,"143":1,"144":3,"145":1,"149":1,"150":1,"158":1,"160":1,"161":1,"162":1,"164":1,"166":1,"258":1,"259":1,"271":1,"274":6,"275":6,"277":1,"279":2,"281":1,"283":2,"288":1,"289":1,"291":1,"296":1,"303":1,"306":1,"307":1,"310":1,"311":1,"313":1,"314":1,"315":1,"316":1,"317":1,"318":1,"319":1,"321":1,"322":1,"324":1}},"/home/travis/build/npmtest/node-npmtest-passport-azure-ad/node_modules/passport-azure-ad/lib/index.js":{"path":"/home/travis/build/npmtest/node-npmtest-passport-azure-ad/node_modules/passport-azure-ad/lib/index.js","s":{"1":1,"2":1},"b":{},"f":{},"fnMap":{},"statementMap":{"1":{"start":{"line":29,"column":0},"end":{"line":29,"column":60}},"2":{"start":{"line":30,"column":0},"end":{"line":30,"column":56}}},"branchMap":{},"code":["/**"," * Copyright (c) Microsoft Corporation"," *  All Rights Reserved"," *  MIT License"," *"," * Permission is hereby granted, free of charge, to any person obtaining a copy of this"," * software and associated documentation files (the 'Software'), to deal in the Software"," * without restriction, including without limitation the rights to use, copy, modify,"," * merge, publish, distribute, sublicense, and/or sell copies of the Software, and to"," * permit persons to whom the Software is furnished to do so, subject to the following"," * conditions:"," *"," * The above copyright notice and this permission notice shall be"," * included in all copies or substantial portions of the Software."," *"," * THE SOFTWARE IS PROVIDED 'AS IS', WITHOUT WARRANTY OF ANY KIND,"," * EXPRESS OR IMPLIED, INCLUDING BUT NOT LIMITED TO THE WARRANTIES OF MERCHANTABILITY,"," * FITNESS FOR A PARTICULAR PURPOSE AND NONINFRINGEMENT. IN NO EVENT SHALL THE AUTHORS"," * OR COPYRIGHT HOLDERS BE LIABLE FOR ANY CLAIM, DAMAGES OR OTHER LIABILITY,"," * WHETHER IN AN ACTION OF CONTRACT, TORT OR OTHERWISE, ARISING FROM, OUT"," * OF OR IN CONNECTION WITH THE SOFTWARE OR THE USE OR OTHER DEALINGS IN THE SOFTWARE."," */","","'use strict';","","/**"," * Export BearerStrategy and OIDCStrategy."," */","module.exports.BearerStrategy = require('./bearerstrategy');","module.exports.OIDCStrategy = require('./oidcstrategy');",""],"l":{"29":1,"30":1}},"/home/travis/build/npmtest/node-npmtest-passport-azure-ad/node_modules/passport-azure-ad/lib/bearerstrategy.js":{"path":"/home/travis/build/npmtest/node-npmtest-passport-azure-ad/node_modules/passport-azure-ad/lib/bearerstrategy.js","s":{"1":1,"2":1,"3":1,"4":1,"5":1,"6":1,"7":1,"8":1,"9":1,"10":1,"11":1,"12":1,"13":1,"14":1,"15":1,"16":1,"17":0,"18":0,"19":0,"20":0,"21":0,"22":0,"23":0,"24":0,"25":0,"26":0,"27":0,"28":0,"29":0,"30":0,"31":0,"32":0,"33":0,"34":0,"35":0,"36":0,"37":0,"38":0,"39":0,"40":0,"41":0,"42":0,"43":0,"44":0,"45":0,"46":0,"47":0,"48":0,"49":0,"50":0,"51":0,"52":0,"53":0,"54":0,"55":0,"56":0,"57":0,"58":0,"59":0,"60":0,"61":0,"62":0,"63":0,"64":1,"65":1,"66":0,"67":0,"68":0,"69":0,"70":0,"71":0,"72":0,"73":0,"74":0,"75":0,"76":0,"77":0,"78":0,"79":0,"80":0,"81":0,"82":0,"83":0,"84":0,"85":0,"86":0,"87":0,"88":0,"89":1,"90":0,"91":0,"92":0,"93":0,"94":0,"95":0,"96":0,"97":0,"98":0,"99":0,"100":0,"101":0,"102":0,"103":0,"104":0,"105":0,"106":0,"107":0,"108":0,"109":0,"110":0,"111":0,"112":0,"113":0,"114":0,"115":0,"116":0,"117":0,"118":0,"119":0,"120":0,"121":0,"122":0,"123":0,"124":0,"125":0,"126":0,"127":0,"128":0,"129":0,"130":0,"131":0,"132":1,"133":0,"134":0,"135":0,"136":0,"137":0,"138":0,"139":0,"140":0,"141":0,"142":0,"143":0,"144":0,"145":0,"146":0,"147":1,"148":0,"149":0,"150":0,"151":0,"152":0,"153":0,"154":0,"155":1,"156":0,"157":0,"158":1},"b":{"1":[0,0],"2":[0,0],"3":[0,0],"4":[0,0],"5":[0,0,0,0],"6":[0,0],"7":[0,0],"8":[0,0],"9":[0,0],"10":[0,0],"11":[0,0],"12":[0,0],"13":[0,0,0],"14":[0,0],"15":[0,0],"16":[0,0],"17":[0,0,0],"18":[0,0],"19":[0,0],"20":[0,0],"21":[0,0],"22":[0,0],"23":[0,0],"24":[0,0],"25":[0,0,0],"26":[0,0],"27":[0,0],"28":[0,0],"29":[0,0],"30":[0,0],"31":[0,0],"32":[0,0],"33":[0,0],"34":[0,0],"35":[0,0],"36":[0,0],"37":[0,0],"38":[0,0],"39":[0,0],"40":[0,0],"41":[0,0],"42":[0,0],"43":[0,0],"44":[0,0],"45":[0,0],"46":[0,0],"47":[0,0],"48":[0,0],"49":[0,0],"50":[0,0],"51":[0,0],"52":[0,0],"53":[0,0],"54":[0,0],"55":[0,0],"56":[0,0],"57":[0,0],"58":[0,0],"59":[0,0]},"f":{"1":0,"2":0,"3":0,"4":0,"5":0,"6":0},"fnMap":{"1":{"name":"Strategy","line":173,"loc":{"start":{"line":173,"column":0},"end":{"line":173,"column":37}}},"2":{"name":"jwtVerifyFunc","line":275,"loc":{"start":{"line":275,"column":31},"end":{"line":275,"column":101}}},"3":{"name":"authenticateStrategy","line":324,"loc":{"start":{"line":324,"column":34},"end":{"line":324,"column":69}}},"4":{"name":"verified","line":445,"loc":{"start":{"line":445,"column":6},"end":{"line":445,"column":41}}},"5":{"name":"(anonymous_5)","line":473,"loc":{"start":{"line":473,"column":34},"end":{"line":473,"column":57}}},"6":{"name":"(anonymous_6)","line":493,"loc":{"start":{"line":493,"column":33},"end":{"line":493,"column":51}}}},"statementMap":{"1":{"start":{"line":27,"column":0},"end":{"line":27,"column":31}},"2":{"start":{"line":28,"column":0},"end":{"line":28,"column":46}},"3":{"start":{"line":29,"column":0},"end":{"line":29,"column":27}},"4":{"start":{"line":30,"column":0},"end":{"line":30,"column":37}},"5":{"start":{"line":31,"column":0},"end":{"line":31,"column":29}},"6":{"start":{"line":33,"column":0},"end":{"line":33,"column":39}},"7":{"start":{"line":34,"column":0},"end":{"line":34,"column":41}},"8":{"start":{"line":35,"column":0},"end":{"line":35,"column":38}},"9":{"start":{"line":36,"column":0},"end":{"line":36,"column":48}},"10":{"start":{"line":37,"column":0},"end":{"line":37,"column":43}},"11":{"start":{"line":38,"column":0},"end":{"line":38,"column":42}},"12":{"start":{"line":40,"column":0},"end":{"line":40,"column":48}},"13":{"start":{"line":41,"column":0},"end":{"line":41,"column":98}},"14":{"start":{"line":42,"column":0},"end":{"line":42,"column":17}},"15":{"start":{"line":44,"column":0},"end":{"line":44,"column":28}},"16":{"start":{"line":173,"column":0},"end":{"line":271,"column":1}},"17":{"start":{"line":174,"column":2},"end":{"line":174,"column":31}},"18":{"start":{"line":175,"column":2},"end":{"line":175,"column":29}},"19":{"start":{"line":177,"column":2},"end":{"line":178,"column":74}},"20":{"start":{"line":178,"column":4},"end":{"line":178,"column":74}},"21":{"start":{"line":179,"column":2},"end":{"line":180,"column":101}},"22":{"start":{"line":180,"column":4},"end":{"line":180,"column":101}},"23":{"start":{"line":182,"column":2},"end":{"line":182,"column":26}},"24":{"start":{"line":183,"column":2},"end":{"line":183,"column":26}},"25":{"start":{"line":190,"column":2},"end":{"line":191,"column":60}},"26":{"start":{"line":191,"column":4},"end":{"line":191,"column":60}},"27":{"start":{"line":192,"column":2},"end":{"line":193,"column":45}},"28":{"start":{"line":193,"column":4},"end":{"line":193,"column":45}},"29":{"start":{"line":196,"column":2},"end":{"line":197,"column":38}},"30":{"start":{"line":197,"column":4},"end":{"line":197,"column":38}},"31":{"start":{"line":200,"column":2},"end":{"line":201,"column":34}},"32":{"start":{"line":201,"column":4},"end":{"line":201,"column":34}},"33":{"start":{"line":204,"column":2},"end":{"line":205,"column":47}},"34":{"start":{"line":205,"column":4},"end":{"line":205,"column":47}},"35":{"start":{"line":209,"column":2},"end":{"line":212,"column":69}},"36":{"start":{"line":210,"column":4},"end":{"line":210,"column":42}},"37":{"start":{"line":211,"column":7},"end":{"line":212,"column":69}},"38":{"start":{"line":212,"column":4},"end":{"line":212,"column":69}},"39":{"start":{"line":215,"column":2},"end":{"line":216,"column":26}},"40":{"start":{"line":216,"column":4},"end":{"line":216,"column":26}},"41":{"start":{"line":219,"column":2},"end":{"line":220,"column":26}},"42":{"start":{"line":220,"column":4},"end":{"line":220,"column":26}},"43":{"start":{"line":221,"column":2},"end":{"line":222,"column":26}},"44":{"start":{"line":222,"column":4},"end":{"line":222,"column":26}},"45":{"start":{"line":223,"column":2},"end":{"line":224,"column":38}},"46":{"start":{"line":224,"column":4},"end":{"line":224,"column":38}},"47":{"start":{"line":231,"column":2},"end":{"line":232,"column":79}},"48":{"start":{"line":232,"column":4},"end":{"line":232,"column":79}},"49":{"start":{"line":235,"column":2},"end":{"line":236,"column":112}},"50":{"start":{"line":236,"column":4},"end":{"line":236,"column":112}},"51":{"start":{"line":243,"column":2},"end":{"line":243,"column":83}},"52":{"start":{"line":246,"column":2},"end":{"line":247,"column":167}},"53":{"start":{"line":247,"column":4},"end":{"line":247,"column":167}},"54":{"start":{"line":250,"column":2},"end":{"line":251,"column":75}},"55":{"start":{"line":251,"column":4},"end":{"line":251,"column":75}},"56":{"start":{"line":260,"column":2},"end":{"line":265,"column":3}},"57":{"start":{"line":261,"column":4},"end":{"line":262,"column":79}},"58":{"start":{"line":262,"column":6},"end":{"line":262,"column":79}},"59":{"start":{"line":263,"column":4},"end":{"line":264,"column":181}},"60":{"start":{"line":264,"column":6},"end":{"line":264,"column":181}},"61":{"start":{"line":268,"column":2},"end":{"line":268,"column":76}},"62":{"start":{"line":268,"column":30},"end":{"line":268,"column":74}},"63":{"start":{"line":270,"column":2},"end":{"line":270,"column":102}},"64":{"start":{"line":273,"column":0},"end":{"line":273,"column":43}},"65":{"start":{"line":275,"column":0},"end":{"line":318,"column":2}},"66":{"start":{"line":276,"column":2},"end":{"line":276,"column":20}},"67":{"start":{"line":278,"column":2},"end":{"line":278,"column":36}},"68":{"start":{"line":279,"column":2},"end":{"line":279,"column":20}},"69":{"start":{"line":281,"column":2},"end":{"line":283,"column":3}},"70":{"start":{"line":282,"column":4},"end":{"line":282,"column":84}},"71":{"start":{"line":285,"column":2},"end":{"line":285,"column":73}},"72":{"start":{"line":290,"column":2},"end":{"line":296,"column":3}},"73":{"start":{"line":291,"column":4},"end":{"line":291,"column":58}},"74":{"start":{"line":292,"column":9},"end":{"line":296,"column":3}},"75":{"start":{"line":293,"column":4},"end":{"line":293,"column":58}},"76":{"start":{"line":295,"column":4},"end":{"line":295,"column":115}},"77":{"start":{"line":298,"column":2},"end":{"line":298,"column":42}},"78":{"start":{"line":300,"column":2},"end":{"line":317,"column":5}},"79":{"start":{"line":301,"column":4},"end":{"line":306,"column":5}},"80":{"start":{"line":302,"column":6},"end":{"line":305,"column":91}},"81":{"start":{"line":303,"column":8},"end":{"line":303,"column":45}},"82":{"start":{"line":305,"column":8},"end":{"line":305,"column":91}},"83":{"start":{"line":308,"column":4},"end":{"line":308,"column":80}},"84":{"start":{"line":310,"column":4},"end":{"line":316,"column":5}},"85":{"start":{"line":311,"column":6},"end":{"line":311,"column":84}},"86":{"start":{"line":312,"column":6},"end":{"line":312,"column":52}},"87":{"start":{"line":314,"column":6},"end":{"line":314,"column":88}},"88":{"start":{"line":315,"column":6},"end":{"line":315,"column":47}},"89":{"start":{"line":324,"column":0},"end":{"line":471,"column":2}},"90":{"start":{"line":325,"column":2},"end":{"line":325,"column":20}},"91":{"start":{"line":326,"column":2},"end":{"line":326,"column":18}},"92":{"start":{"line":327,"column":2},"end":{"line":327,"column":29}},"93":{"start":{"line":355,"column":2},"end":{"line":470,"column":4}},"94":{"start":{"line":359,"column":6},"end":{"line":361,"column":101}},"95":{"start":{"line":363,"column":6},"end":{"line":364,"column":88}},"96":{"start":{"line":364,"column":8},"end":{"line":364,"column":88}},"97":{"start":{"line":366,"column":6},"end":{"line":366,"column":43}},"98":{"start":{"line":368,"column":6},"end":{"line":368,"column":80}},"99":{"start":{"line":370,"column":6},"end":{"line":370,"column":32}},"100":{"start":{"line":375,"column":6},"end":{"line":375,"column":45}},"101":{"start":{"line":380,"column":6},"end":{"line":380,"column":33}},"102":{"start":{"line":381,"column":6},"end":{"line":381,"column":101}},"103":{"start":{"line":384,"column":6},"end":{"line":387,"column":56}},"104":{"start":{"line":385,"column":8},"end":{"line":385,"column":56}},"105":{"start":{"line":387,"column":8},"end":{"line":387,"column":56}},"106":{"start":{"line":390,"column":6},"end":{"line":390,"column":62}},"107":{"start":{"line":393,"column":6},"end":{"line":393,"column":58}},"108":{"start":{"line":394,"column":6},"end":{"line":394,"column":70}},"109":{"start":{"line":395,"column":6},"end":{"line":395,"column":94}},"110":{"start":{"line":396,"column":6},"end":{"line":396,"column":74}},"111":{"start":{"line":399,"column":6},"end":{"line":399,"column":60}},"112":{"start":{"line":401,"column":6},"end":{"line":401,"column":115}},"113":{"start":{"line":403,"column":6},"end":{"line":403,"column":20}},"114":{"start":{"line":416,"column":6},"end":{"line":416,"column":16}},"115":{"start":{"line":420,"column":6},"end":{"line":421,"column":149}},"116":{"start":{"line":421,"column":8},"end":{"line":421,"column":149}},"117":{"start":{"line":423,"column":6},"end":{"line":432,"column":7}},"118":{"start":{"line":424,"column":8},"end":{"line":424,"column":67}},"119":{"start":{"line":425,"column":8},"end":{"line":431,"column":9}},"120":{"start":{"line":426,"column":12},"end":{"line":426,"column":39}},"121":{"start":{"line":427,"column":12},"end":{"line":430,"column":105}},"122":{"start":{"line":428,"column":14},"end":{"line":428,"column":114}},"123":{"start":{"line":430,"column":14},"end":{"line":430,"column":105}},"124":{"start":{"line":434,"column":6},"end":{"line":440,"column":7}},"125":{"start":{"line":435,"column":8},"end":{"line":436,"column":135}},"126":{"start":{"line":436,"column":10},"end":{"line":436,"column":135}},"127":{"start":{"line":437,"column":8},"end":{"line":437,"column":38}},"128":{"start":{"line":438,"column":8},"end":{"line":439,"column":108}},"129":{"start":{"line":439,"column":10},"end":{"line":439,"column":108}},"130":{"start":{"line":442,"column":6},"end":{"line":443,"column":54}},"131":{"start":{"line":443,"column":8},"end":{"line":443,"column":54}},"132":{"start":{"line":445,"column":6},"end":{"line":459,"column":7}},"133":{"start":{"line":446,"column":8},"end":{"line":447,"column":33}},"134":{"start":{"line":447,"column":10},"end":{"line":447,"column":33}},"135":{"start":{"line":449,"column":8},"end":{"line":456,"column":9}},"136":{"start":{"line":450,"column":10},"end":{"line":450,"column":51}},"137":{"start":{"line":451,"column":10},"end":{"line":454,"column":74}},"138":{"start":{"line":452,"column":12},"end":{"line":452,"column":58}},"139":{"start":{"line":453,"column":15},"end":{"line":454,"column":74}},"140":{"start":{"line":454,"column":12},"end":{"line":454,"column":74}},"141":{"start":{"line":455,"column":10},"end":{"line":455,"column":47}},"142":{"start":{"line":458,"column":8},"end":{"line":458,"column":40}},"143":{"start":{"line":461,"column":6},"end":{"line":461,"column":86}},"144":{"start":{"line":465,"column":6},"end":{"line":467,"column":7}},"145":{"start":{"line":466,"column":8},"end":{"line":466,"column":42}},"146":{"start":{"line":468,"column":6},"end":{"line":468,"column":18}},"147":{"start":{"line":473,"column":0},"end":{"line":486,"column":2}},"148":{"start":{"line":474,"column":2},"end":{"line":474,"column":20}},"149":{"start":{"line":475,"column":2},"end":{"line":475,"column":73}},"150":{"start":{"line":478,"column":2},"end":{"line":485,"column":20}},"151":{"start":{"line":479,"column":4},"end":{"line":484,"column":7}},"152":{"start":{"line":480,"column":6},"end":{"line":482,"column":7}},"153":{"start":{"line":481,"column":8},"end":{"line":481,"column":77}},"154":{"start":{"line":483,"column":6},"end":{"line":483,"column":43}},"155":{"start":{"line":493,"column":0},"end":{"line":496,"column":2}},"156":{"start":{"line":494,"column":2},"end":{"line":494,"column":55}},"157":{"start":{"line":495,"column":2},"end":{"line":495,"column":28}},"158":{"start":{"line":498,"column":0},"end":{"line":498,"column":26}}},"branchMap":{"1":{"line":177,"type":"if","locations":[{"start":{"line":177,"column":2},"end":{"line":177,"column":2}},{"start":{"line":177,"column":2},"end":{"line":177,"column":2}}]},"2":{"line":179,"type":"if","locations":[{"start":{"line":179,"column":2},"end":{"line":179,"column":2}},{"start":{"line":179,"column":2},"end":{"line":179,"column":2}}]},"3":{"line":179,"type":"binary-expr","locations":[{"start":{"line":179,"column":6},"end":{"line":179,"column":15}},{"start":{"line":179,"column":19},"end":{"line":179,"column":49}}]},"4":{"line":190,"type":"if","locations":[{"start":{"line":190,"column":2},"end":{"line":190,"column":2}},{"start":{"line":190,"column":2},"end":{"line":190,"column":2}}]},"5":{"line":190,"type":"binary-expr","locations":[{"start":{"line":190,"column":6},"end":{"line":190,"column":23}},{"start":{"line":190,"column":28},"end":{"line":190,"column":65}},{"start":{"line":190,"column":69},"end":{"line":190,"column":91}},{"start":{"line":190,"column":95},"end":{"line":190,"column":122}}]},"6":{"line":192,"type":"if","locations":[{"start":{"line":192,"column":2},"end":{"line":192,"column":2}},{"start":{"line":192,"column":2},"end":{"line":192,"column":2}}]},"7":{"line":196,"type":"if","locations":[{"start":{"line":196,"column":2},"end":{"line":196,"column":2}},{"start":{"line":196,"column":2},"end":{"line":196,"column":2}}]},"8":{"line":200,"type":"if","locations":[{"start":{"line":200,"column":2},"end":{"line":200,"column":2}},{"start":{"line":200,"column":2},"end":{"line":200,"column":2}}]},"9":{"line":204,"type":"if","locations":[{"start":{"line":204,"column":2},"end":{"line":204,"column":2}},{"start":{"line":204,"column":2},"end":{"line":204,"column":2}}]},"10":{"line":209,"type":"if","locations":[{"start":{"line":209,"column":2},"end":{"line":209,"column":2}},{"start":{"line":209,"column":2},"end":{"line":209,"column":2}}]},"11":{"line":209,"type":"binary-expr","locations":[{"start":{"line":209,"column":6},"end":{"line":209,"column":22}},{"start":{"line":209,"column":26},"end":{"line":209,"column":62}}]},"12":{"line":211,"type":"if","locations":[{"start":{"line":211,"column":7},"end":{"line":211,"column":7}},{"start":{"line":211,"column":7},"end":{"line":211,"column":7}}]},"13":{"line":211,"type":"binary-expr","locations":[{"start":{"line":211,"column":11},"end":{"line":211,"column":28}},{"start":{"line":211,"column":32},"end":{"line":211,"column":64}},{"start":{"line":211,"column":68},"end":{"line":211,"column":88}}]},"14":{"line":215,"type":"if","locations":[{"start":{"line":215,"column":2},"end":{"line":215,"column":2}},{"start":{"line":215,"column":2},"end":{"line":215,"column":2}}]},"15":{"line":219,"type":"if","locations":[{"start":{"line":219,"column":2},"end":{"line":219,"column":2}},{"start":{"line":219,"column":2},"end":{"line":219,"column":2}}]},"16":{"line":221,"type":"if","locations":[{"start":{"line":221,"column":2},"end":{"line":221,"column":2}},{"start":{"line":221,"column":2},"end":{"line":221,"column":2}}]},"17":{"line":221,"type":"binary-expr","locations":[{"start":{"line":221,"column":6},"end":{"line":221,"column":20}},{"start":{"line":221,"column":24},"end":{"line":221,"column":53}},{"start":{"line":221,"column":57},"end":{"line":221,"column":84}}]},"18":{"line":223,"type":"if","locations":[{"start":{"line":223,"column":2},"end":{"line":223,"column":2}},{"start":{"line":223,"column":2},"end":{"line":223,"column":2}}]},"19":{"line":223,"type":"binary-expr","locations":[{"start":{"line":223,"column":6},"end":{"line":223,"column":20}},{"start":{"line":223,"column":24},"end":{"line":223,"column":54}}]},"20":{"line":231,"type":"if","locations":[{"start":{"line":231,"column":2},"end":{"line":231,"column":2}},{"start":{"line":231,"column":2},"end":{"line":231,"column":2}}]},"21":{"line":231,"type":"binary-expr","locations":[{"start":{"line":231,"column":6},"end":{"line":231,"column":23}},{"start":{"line":231,"column":27},"end":{"line":231,"column":50}}]},"22":{"line":235,"type":"if","locations":[{"start":{"line":235,"column":2},"end":{"line":235,"column":2}},{"start":{"line":235,"column":2},"end":{"line":235,"column":2}}]},"23":{"line":235,"type":"binary-expr","locations":[{"start":{"line":235,"column":6},"end":{"line":235,"column":31}},{"start":{"line":235,"column":35},"end":{"line":235,"column":85}}]},"24":{"line":246,"type":"if","locations":[{"start":{"line":246,"column":2},"end":{"line":246,"column":2}},{"start":{"line":246,"column":2},"end":{"line":246,"column":2}}]},"25":{"line":246,"type":"binary-expr","locations":[{"start":{"line":246,"column":6},"end":{"line":246,"column":31}},{"start":{"line":246,"column":35},"end":{"line":246,"column":57}},{"start":{"line":246,"column":61},"end":{"line":246,"column":76}}]},"26":{"line":250,"type":"if","locations":[{"start":{"line":250,"column":2},"end":{"line":250,"column":2}},{"start":{"line":250,"column":2},"end":{"line":250,"column":2}}]},"27":{"line":260,"type":"if","locations":[{"start":{"line":260,"column":2},"end":{"line":260,"column":2}},{"start":{"line":260,"column":2},"end":{"line":260,"column":2}}]},"28":{"line":261,"type":"if","locations":[{"start":{"line":261,"column":4},"end":{"line":261,"column":4}},{"start":{"line":261,"column":4},"end":{"line":261,"column":4}}]},"29":{"line":261,"type":"binary-expr","locations":[{"start":{"line":261,"column":8},"end":{"line":261,"column":27}},{"start":{"line":261,"column":31},"end":{"line":261,"column":87}}]},"30":{"line":263,"type":"if","locations":[{"start":{"line":263,"column":4},"end":{"line":263,"column":4}},{"start":{"line":263,"column":4},"end":{"line":263,"column":4}}]},"31":{"line":268,"type":"if","locations":[{"start":{"line":268,"column":2},"end":{"line":268,"column":2}},{"start":{"line":268,"column":2},"end":{"line":268,"column":2}}]},"32":{"line":281,"type":"if","locations":[{"start":{"line":281,"column":2},"end":{"line":281,"column":2}},{"start":{"line":281,"column":2},"end":{"line":281,"column":2}}]},"33":{"line":290,"type":"if","locations":[{"start":{"line":290,"column":2},"end":{"line":290,"column":2}},{"start":{"line":290,"column":2},"end":{"line":290,"column":2}}]},"34":{"line":292,"type":"if","locations":[{"start":{"line":292,"column":9},"end":{"line":292,"column":9}},{"start":{"line":292,"column":9},"end":{"line":292,"column":9}}]},"35":{"line":301,"type":"if","locations":[{"start":{"line":301,"column":4},"end":{"line":301,"column":4}},{"start":{"line":301,"column":4},"end":{"line":301,"column":4}}]},"36":{"line":302,"type":"if","locations":[{"start":{"line":302,"column":6},"end":{"line":302,"column":6}},{"start":{"line":302,"column":6},"end":{"line":302,"column":6}}]},"37":{"line":310,"type":"if","locations":[{"start":{"line":310,"column":4},"end":{"line":310,"column":4}},{"start":{"line":310,"column":4},"end":{"line":310,"column":4}}]},"38":{"line":363,"type":"if","locations":[{"start":{"line":363,"column":6},"end":{"line":363,"column":6}},{"start":{"line":363,"column":6},"end":{"line":363,"column":6}}]},"39":{"line":384,"type":"if","locations":[{"start":{"line":384,"column":6},"end":{"line":384,"column":6}},{"start":{"line":384,"column":6},"end":{"line":384,"column":6}}]},"40":{"line":384,"type":"binary-expr","locations":[{"start":{"line":384,"column":10},"end":{"line":384,"column":38}},{"start":{"line":384,"column":42},"end":{"line":384,"column":63}}]},"41":{"line":420,"type":"if","locations":[{"start":{"line":420,"column":6},"end":{"line":420,"column":6}},{"start":{"line":420,"column":6},"end":{"line":420,"column":6}}]},"42":{"line":420,"type":"binary-expr","locations":[{"start":{"line":420,"column":10},"end":{"line":420,"column":19}},{"start":{"line":420,"column":23},"end":{"line":420,"column":45}}]},"43":{"line":423,"type":"if","locations":[{"start":{"line":423,"column":6},"end":{"line":423,"column":6}},{"start":{"line":423,"column":6},"end":{"line":423,"column":6}}]},"44":{"line":423,"type":"binary-expr","locations":[{"start":{"line":423,"column":10},"end":{"line":423,"column":21}},{"start":{"line":423,"column":25},"end":{"line":423,"column":50}}]},"45":{"line":425,"type":"if","locations":[{"start":{"line":425,"column":8},"end":{"line":425,"column":8}},{"start":{"line":425,"column":8},"end":{"line":425,"column":8}}]},"46":{"line":425,"type":"binary-expr","locations":[{"start":{"line":425,"column":12},"end":{"line":425,"column":39}},{"start":{"line":425,"column":42},"end":{"line":425,"column":87}}]},"47":{"line":427,"type":"if","locations":[{"start":{"line":427,"column":12},"end":{"line":427,"column":12}},{"start":{"line":427,"column":12},"end":{"line":427,"column":12}}]},"48":{"line":434,"type":"if","locations":[{"start":{"line":434,"column":6},"end":{"line":434,"column":6}},{"start":{"line":434,"column":6},"end":{"line":434,"column":6}}]},"49":{"line":434,"type":"binary-expr","locations":[{"start":{"line":434,"column":10},"end":{"line":434,"column":18}},{"start":{"line":434,"column":22},"end":{"line":434,"column":43}}]},"50":{"line":435,"type":"if","locations":[{"start":{"line":435,"column":8},"end":{"line":435,"column":8}},{"start":{"line":435,"column":8},"end":{"line":435,"column":8}}]},"51":{"line":438,"type":"if","locations":[{"start":{"line":438,"column":8},"end":{"line":438,"column":8}},{"start":{"line":438,"column":8},"end":{"line":438,"column":8}}]},"52":{"line":442,"type":"if","locations":[{"start":{"line":442,"column":6},"end":{"line":442,"column":6}},{"start":{"line":442,"column":6},"end":{"line":442,"column":6}}]},"53":{"line":446,"type":"if","locations":[{"start":{"line":446,"column":8},"end":{"line":446,"column":8}},{"start":{"line":446,"column":8},"end":{"line":446,"column":8}}]},"54":{"line":449,"type":"if","locations":[{"start":{"line":449,"column":8},"end":{"line":449,"column":8}},{"start":{"line":449,"column":8},"end":{"line":449,"column":8}}]},"55":{"line":451,"type":"if","locations":[{"start":{"line":451,"column":10},"end":{"line":451,"column":10}},{"start":{"line":451,"column":10},"end":{"line":451,"column":10}}]},"56":{"line":451,"type":"binary-expr","locations":[{"start":{"line":451,"column":14},"end":{"line":451,"column":18}},{"start":{"line":451,"column":22},"end":{"line":451,"column":45}}]},"57":{"line":453,"type":"if","locations":[{"start":{"line":453,"column":15},"end":{"line":453,"column":15}},{"start":{"line":453,"column":15},"end":{"line":453,"column":15}}]},"58":{"line":465,"type":"if","locations":[{"start":{"line":465,"column":6},"end":{"line":465,"column":6}},{"start":{"line":465,"column":6},"end":{"line":465,"column":6}}]},"59":{"line":480,"type":"if","locations":[{"start":{"line":480,"column":6},"end":{"line":480,"column":6}},{"start":{"line":480,"column":6},"end":{"line":480,"column":6}}]}},"code":["/**"," * Copyright (c) Microsoft Corporation"," *  All Rights Reserved"," *  MIT License"," *"," * Permission is hereby granted, free of charge, to any person obtaining a copy of this"," * software and associated documentation files (the 'Software'), to deal in the Software"," * without restriction, including without limitation the rights to use, copy, modify,"," * merge, publish, distribute, sublicense, and/or sell copies of the Software, and to"," * permit persons to whom the Software is furnished to do so, subject to the following"," * conditions:"," *"," * The above copyright notice and this permission notice shall be"," * included in all copies or substantial portions of the Software."," *"," * THE SOFTWARE IS PROVIDED 'AS IS', WITHOUT WARRANTY OF ANY KIND,"," * EXPRESS OR IMPLIED, INCLUDING BUT NOT LIMITED TO THE WARRANTIES OF MERCHANTABILITY,"," * FITNESS FOR A PARTICULAR PURPOSE AND NONINFRINGEMENT. IN NO EVENT SHALL THE AUTHORS"," * OR COPYRIGHT HOLDERS BE LIABLE FOR ANY CLAIM, DAMAGES OR OTHER LIABILITY,"," * WHETHER IN AN ACTION OF CONTRACT, TORT OR OTHERWISE, ARISING FROM, OUT"," * OF OR IN CONNECTION WITH THE SOFTWARE OR THE USE OR OTHER DEALINGS IN THE SOFTWARE."," */","'use strict';","","/* eslint no-underscore-dangle: 0 */","","const async = require('async');","const cacheManager = require('cache-manager');","const jws = require('jws');","const passport = require('passport');","const util = require('util');","","const aadutils = require('./aadutils');","const CONSTANTS = require('./constants');","const jwt = require('./jsonWebToken');","const Metadata = require('./metadata').Metadata;","const Log = require('./logging').getLogger;","const UrlValidator = require('valid-url');","","const log = new Log('AzureAD: Bearer Strategy');","const memoryCache = cacheManager.caching({ store: 'memory', max: 3600, ttl: 1800 /* seconds */ });","const ttl = 1800; // 30 minutes cache","","const B2C_PREFIX = 'b2c_1_';","","/**"," * Applications must supply a `verify` callback, for which the function"," * signature is:"," *"," *     function(token, done) { ... }"," * or"," *     function(req, token, done) { ... }"," *"," * The latter enables you to use the request object. In order to use this"," * signature, the passReqToCallback value in options (see the Options instructions"," * below) must be set true, so the strategy knows you want to pass the request"," * to the `verify` callback function."," *"," * `token` is the verified and decoded bearer token provided as a credential."," * The verify callback is responsible for finding the user who posesses the"," * token, and invoking `done` with the following arguments:"," *"," *     done(err, user, info);"," *"," * If the token is not valid, `user` should be set to `false` to indicate an"," * authentication failure.  Additional token `info` can optionally be passed as"," * a third argument, which will be set by Passport at `req.authInfo`, where it"," * can be used by later middleware for access control.  This is typically used"," * to pass any scope associated with the token."," * "," *"," * Options:"," *"," *   - `identityMetadata`   (1) Required"," *                          (2) must be a https url string"," *                          (3) Description:"," *                          the metadata endpoint provided by the Microsoft Identity Portal that pro
[...]
," * included in all copies or substantial portions of the Software."," *"," * THE SOFTWARE IS PROVIDED \"AS IS\", WITHOUT WARRANTY OF ANY KIND,"," * EXPRESS OR IMPLIED, INCLUDING BUT NOT LIMITED TO THE WARRANTIES OF MERCHANTABILITY,"," * FITNESS FOR A PARTICULAR PURPOSE AND NONINFRINGEMENT. IN NO EVENT SHALL THE AUTHORS"," * OR COPYRIGHT HOLDERS BE LIABLE FOR ANY CLAIM, DAMAGES OR OTHER LIABILITY,"," * WHETHER IN AN ACTION OF CONTRACT, TORT OR OTHERWISE, ARISING FROM, OUT"," * OF OR IN CONNECTION WITH THE SOFTWARE OR THE USE OR OTHER DEALINGS IN THE SOFTWARE."," */","","'use restrict';","","var crypto = require('crypto');","var createBuffer = require('./jwe').createBuffer;","","/*"," * the handler for state/nonce/policy"," * @maxAmount          - the max amount of {state: x, nonce: x, policy: x} tuples you want to save in cookie"," * @maxAge            - when a tuple in session expires in seconds"," * @cookieEncryptionKeys  "," *                    - keys used to encrypt and decrypt cookie"," */ ","function CookieContentHandler(maxAmount, maxAge, cookieEncryptionKeys) {","  if (!maxAge || (typeof maxAge !== 'number' || maxAge <= 0))","    throw new Error('CookieContentHandler: maxAge must be a positive number');","  this.maxAge = maxAge;  // seconds","","  if (!maxAmount || (typeof maxAmount !== 'number' || maxAmount <= 0 || maxAmount % 1 !== 0))","    throw new Error('CookieContentHandler: maxAmount must be a positive integer');","  this.maxAmount = maxAmount;","","  if (!cookieEncryptionKeys || !Array.isArray(cookieEncryptionKeys) || cookieEncryptionKeys.length === 0)","    throw new Error('CookieContentHandler: cookieEncryptionKeys must be a non-emptry array');","","  for (var i = 0; i < cookieEncryptionKeys.length; i++) {","    var item = cookieEncryptionKeys[i];","    if (!item.key || !item.iv)","      throw new Error(`CookieContentHandler: array item ${i+1} in cookieEncryptionKeys must have the form { key: , iv: }`);","    if (item.key.length !== 32)","      throw new Error(`CookieContentHandler: key number ${i+1} is ${item.key.length} bytes, expected: 32 bytes`);","    if (item.iv.length !== 12)","      throw new Error(`CookieContentHandler: iv number ${i+1} is ${item.iv.length} bytes, expected: 12 bytes`);","  }","","  this.cookieEncryptionKeys = cookieEncryptionKeys;","}","","CookieContentHandler.prototype.findAndDeleteTupleByState = function(req, res, stateToFind) {","  if (!req.cookies)","    throw new Error('Cookie is not found in request. Did you forget to use cookie parsing middleware such as cookie-parser?');","  ","  var cookieEncryptionKeys = this.cookieEncryptionKeys;","","  var tuple = null;","","  // try every key and every cookie","  for (var i = 0; i < cookieEncryptionKeys.length; i++) {","    var item = cookieEncryptionKeys[i];","    var key = createBuffer(item.key);","    var iv = createBuffer(item.iv);","","    for (var cookie in req.cookies) {     ","      if (req.cookies.hasOwnProperty(cookie) && cookie.startsWith('passport-aad.')) {","        var encrypted = cookie.substring(13);","","        try {","          var decrypted = decryptCookie(encrypted, key, iv);","          tuple = JSON.parse(decrypted);","        } catch (ex) {","          continue;","        }","","        if (tuple.state === stateToFind) {","          res.clearCookie(cookie);","          return tuple;      ","        }","      }","    }","  }","","  return null;","};","","CookieContentHandler.prototype.add = function(req, res, tupleToAdd) {","  var cookies = [];","","  // collect the related cookies","  for (var cookie in req.cookies) {     ","    if (req.cookies.hasOwnProperty(cookie) && cookie.startsWith('passport-aad.'))","      cookies.push(cookie);","  }","","  // only keep the most recent maxAmount-1 many cookies","  if (cookies.length > this.maxAmount - 1) {","    cookies.sort();","","    var numberToRemove = cookies.length - (this.maxAmount - 1);","","    for (var i = 0; i < numberToRemove; i++) {","      res.clearCookie(cookies[0]);","      cookies.shift();","    }","  }","","  // add the new cookie","","  var tupleString = JSON.stringify(tupleToAdd);","","  var item = this.cookieEncryptionKeys[0];","  var key = createBuffer(item.key);","  var iv = createBuffer(item.iv);","","  var encrypted = encryptCookie(tupleString, key, iv);","","  res.cookie('passport-aad.' + Date.now() + '.' + encrypted, 0, { maxAge: this.maxAge * 1000, httpOnly: true });","};","","var encryptCookie = function(content, key, iv) {","  var cipher = crypto.createCipheriv('aes-256-gcm', key, iv);","","  var encrypted = cipher.update(content, 'utf8', 'hex');","  encrypted += cipher.final('hex');","  var authTag = cipher.getAuthTag().toString('hex');","","  return encrypted + '.' + authTag;","};","","var decryptCookie = function(encrypted, key, iv) {","  var parts = encrypted.split('.');","  if (parts.length !== 3)","    throw new Error('invalid cookie');","","  // the first part is timestamp, ignore it","  var content = createBuffer(parts[1], 'hex');","  var authTag = createBuffer(parts[2], 'hex');","","  var decipher = crypto.createDecipheriv('aes-256-gcm', key, iv);","  decipher.setAuthTag(authTag);","  var decrypted = decipher.update(content, 'hex', 'utf8');","  decrypted +=  decipher.final('utf8');","","  return decrypted;","};","","exports.CookieContentHandler = CookieContentHandler;","",""],"l":{"24":1,"26":1,"27":1,"36":1,"37":0,"38":0,"39":0,"41":0,"42":0,"43":0,"45":0,"46":0,"48":0,"49":0,"50":0,"51":0,"52":0,"53":0,"54":0,"55":0,"58":0,"61":1,"62":0,"63":0,"65":0,"67":0,"70":0,"71":0,"72":0,"73":0,"75":0,"76":0,"77":0,"79":0,"80":0,"81":0,"83":0,"86":0,"87":0,"88":0,"94":0,"97":1,"98":0,"101":0,"102":0,"103":0,"107":0,"108":0,"110":0,"112":0,"113":0,"114":0,"120":0,"122":0,"123":0,"124":0,"126":0,"128":0,"131":1,"132":0,"134":0,"135":0,"136":0,"138":0,"141":1,"142":0,"143":0,"144":0,"147":0,"148":0,"150":0,"151":0,"152":0,"153":0,"155":0,"158":1}},"/home/travis/build/npmtest/node-npmtest-passport-azure-ad/node_modules/passport-azure-ad/lib/validator.js":{"path":"/home/travis/build/npmtest/node-npmtest-passport-azure-ad/node_modules/passport-azure-ad/lib/validator.js","s":{"1":1,"2":1,"3":1,"4":0,"5":1,"6":0,"7":0,"8":0,"9":0,"10":0,"11":0,"12":0,"13":0,"14":0,"15":0,"16":0,"17":0,"18":1,"19":1,"20":0,"21":1,"22":1,"23":0,"24":1,"25":1,"26":0,"27":1,"28":1,"29":0,"30":1,"31":1,"32":0,"33":1,"34":1,"35":0,"36":1,"37":1,"38":0,"39":0,"40":0,"41":1},"b":{"1":[0,0],"2":[0,0],"3":[0,0],"4":[0,0],"5":[0,0],"6":[0,0,0],"7":[0,0,0,0],"8":[0,0],"9":[0,0],"10":[0,0]},"f":{"1":0,"2":0},"fnMap":{"1":{"name":"Validator","line":30,"loc":{"start":{"line":30,"column":0},"end":{"line":30,"column":27}}},"2":{"name":"validate","line":34,"loc":{"start":{"line":34,"column":31},"end":{"line":34,"column":58}}}},"statementMap":{"1":{"start":{"line":26,"column":0},"end":{"line":26,"column":42}},"2":{"start":{"line":28,"column":0},"end":{"line":28,"column":17}},"3":{"start":{"line":30,"column":0},"end":{"line":32,"column":1}},"4":{"start":{"line":31,"column":2},"end":{"line":31,"column":23}},"5":{"start":{"line":34,"column":0},"end":{"line":54,"column":2}},"6":{"start":{"line":35,"column":2},"end":{"line":35,"column":29}},"7":{"start":{"line":37,"column":2},"end":{"line":53,"column":5}},"8":{"start":{"line":38,"column":4},"end":{"line":40,"column":5}},"9":{"start":{"line":39,"column":6},"end":{"line":39,"column":55}},"10":{"start":{"line":41,"column":4},"end":{"line":41,"column":35}},"11":{"start":{"line":42,"column":4},"end":{"line":44,"column":5}},"12":{"start":{"line":43,"column":6},"end":{"line":43,"column":13}},"13":{"start":{"line":45,"column":4},"end":{"line":45,"column":32}},"14":{"start":{"line":46,"column":4},"end":{"line":48,"column":5}},"15":{"start":{"line":47,"column":6},"end":{"line":47,"column":82}},"16":{"start":{"line":50,"column":4},"end":{"line":52,"column":5}},"17":{"start":{"line":51,"column":6},"end":{"line":51,"column":72}},"18":{"start":{"line":56,"column":0},"end":{"line":56,"column":36}},"19":{"start":{"line":57,"column":0},"end":{"line":62,"column":2}},"20":{"start":{"line":59,"column":4},"end":{"line":59,"column":65}},"21":{"start":{"line":64,"column":0},"end":{"line":64,"column":38}},"22":{"start":{"line":65,"column":0},"end":{"line":70,"column":2}},"23":{"start":{"line":67,"column":4},"end":{"line":67,"column":110}},"24":{"start":{"line":72,"column":0},"end":{"line":72,"column":38}},"25":{"start":{"line":73,"column":0},"end":{"line":78,"column":2}},"26":{"start":{"line":75,"column":4},"end":{"line":75,"column":54}},"27":{"start":{"line":80,"column":0},"end":{"line":80,"column":26}},"28":{"start":{"line":81,"column":0},"end":{"line":86,"column":2}},"29":{"start":{"line":83,"column":4},"end":{"line":83,"column":75}},"30":{"start":{"line":88,"column":0},"end":{"line":88,"column":34}},"31":{"start":{"line":89,"column":0},"end":{"line":94,"column":2}},"32":{"start":{"line":91,"column":4},"end":{"line":91,"column":41}},"33":{"start":{"line":96,"column":0},"end":{"line":96,"column":36}},"34":{"start":{"line":97,"column":0},"end":{"line":102,"column":2}},"35":{"start":{"line":99,"column":4},"end":{"line":99,"column":42}},"36":{"start":{"line":104,"column":0},"end":{"line":104,"column":52}},"37":{"start":{"line":105,"column":0},"end":{"line":113,"column":2}},"38":{"start":{"line":107,"column":4},"end":{"line":110,"column":18}},"39":{"start":{"line":108,"column":6},"end":{"line":108,"column":44}},"40":{"start":{"line":110,"column":6},"end":{"line":110,"column":18}},"41":{"start":{"line":115,"column":0},"end":{"line":115,"column":30}}},"branchMap":{"1":{"line":35,"type":"binary-expr","locations":[{"start":{"line":35,"column":15},"end":{"line":35,"column":22}},{"start":{"line":35,"column":26},"end":{"line":35,"column":28}}]},"2":{"line":38,"type":"if","locations":[{"start":{"line":38,"column":4},"end":{"line":38,"column":4}},{"start":{"line":38,"column":4},"end":{"line":38,"column":4}}]},"3":{"line":42,"type":"if","locations":[{"start":{"line":42,"column":4},"end":{"line":42,"column":4}},{"start":{"line":42,"column":4},"end":{"line":42,"column":4}}]},"4":{"line":46,"type":"if","locations":[{"start":{"line":46,"column":4},"end":{"line":46,"column":4}},{"start":{"line":46,"column":4},"end":{"line":46,"column":4}}]},"5":{"line":50,"type":"if","locations":[{"start":{"line":50,"column":4},"end":{"line":50,"column":4}},{"start":{"line":50,"column":4},"end":{"line":50,"column":4}}]},"6":{"line":59,"type":"binary-expr","locations":[{"start":{"line":59,"column":11},"end":{"line":59,"column":23}},{"start":{"line":59,"column":27},"end":{"line":59,"column":46}},{"start":{"line":59,"column":50},"end":{"line":59,"column":64}}]},"7":{"line":67,"type":"binary-expr","locations":[{"start":{"line":67,"column":11},"end":{"line":67,"column":31}},{"start":{"line":67,"column":35},"end":{"line":67,"column":60}},{"start":{"line":67,"column":64},"end":{"line":67,"column":89}},{"start":{"line":67,"column":93},"end":{"line":67,"column":109}}]},"8":{"line":75,"type":"binary-expr","locations":[{"start":{"line":75,"column":11},"end":{"line":75,"column":28}},{"start":{"line":75,"column":32},"end":{"line":75,"column":53}}]},"9":{"line":83,"type":"binary-expr","locations":[{"start":{"line":83,"column":11},"end":{"line":83,"column":40}},{"start":{"line":83,"column":44},"end":{"line":83,"column":74}}]},"10":{"line":107,"type":"if","locations":[{"start":{"line":107,"column":4},"end":{"line":107,"column":4}},{"start":{"line":107,"column":4},"end":{"line":107,"column":4}}]}},"code":["/**"," * Copyright (c) Microsoft Corporation"," *  All Rights Reserved"," *  MIT License"," *"," * Permission is hereby granted, free of charge, to any person obtaining a copy of this"," * software and associated documentation files (the \"Software\"), to deal in the Software"," * without restriction, including without limitation the rights to use, copy, modify,"," * merge, publish, distribute, sublicense, and/or sell copies of the Software, and to"," * permit persons to whom the Software is furnished to do so, subject to the following"," * conditions:"," *"," * The above copyright notice and this permission notice shall be"," * included in all copies or substantial portions of the Software."," *"," * THE SOFTWARE IS PROVIDED \"AS IS\", WITHOUT WARRANTY OF ANY KIND,"," * EXPRESS OR IMPLIED, INCLUDING BUT NOT LIMITED TO THE WARRANTIES OF MERCHANTABILITY,"," * FITNESS FOR A PARTICULAR PURPOSE AND NONINFRINGEMENT. IN NO EVENT SHALL THE AUTHORS"," * OR COPYRIGHT HOLDERS BE LIABLE FOR ANY CLAIM, DAMAGES OR OTHER LIABILITY,"," * WHETHER IN AN ACTION OF CONTRACT, TORT OR OTHERWISE, ARISING FROM, OUT"," * OF OR IN CONNECTION WITH THE SOFTWARE OR THE USE OR OTHER DEALINGS IN THE SOFTWARE."," */","","'use strict';","","const UrlValidator = require('valid-url');","","const types = {};","","function Validator(config) {","  this.config = config;","}","","Validator.prototype.validate = function validate(options) {","  const opts = options || {};","","  Object.keys(this.config).forEach((item) => {","    if (!this.config.hasOwnProperty(item)) {","      throw new TypeError(`Missing value for ${item}`);","    }","    const type = this.config[item];","    if (!type) {","      return; // no need to validate","    }","    const checker = types[type];","    if (!checker) { // missing required checker","      throw new TypeError(`No handler to validate type ${type} for item ${item}`);","    }","","    if (!checker.validate(opts[item])) {","      throw new TypeError(`Invalid value for ${item}.${checker.error}`);","    }","  });","};","","Validator.isNonEmpty = 'isNonEmpty';","types.isNonEmpty = {","  validate: (value) => {","    return value !== '' && value !== undefined && value !== null;","  },","  error: 'The value cannot be empty',","};","","Validator.isTypeLegal = 'isTypeLegal';","types.isTypeLegal = {","  validate: (value) => {","    return value === 'id_token' || value === 'id_token code' || value === 'code id_token' || value === 'code';","  },","  error: 'The responseType: must be either id_token, id_token code, code id_token or code.',","};","","Validator.isModeLegal = 'isModeLegal';","types.isModeLegal = {","  validate: (value) => {","    return value === 'query' || value === 'form_post';","  },","  error: 'The responseMode: must be either query or form_post.',","};","","Validator.isURL = 'isURL';","types.isURL = {","  validate: (value) => {","    return UrlValidator.isHttpUri(value) || UrlValidator.isHttpsUri(value);","  },","  error: 'The URL must be valid and be https:// or http://',","};","","Validator.isHttpURL = 'isHttpURL';","types.isHttpURL = {","  validate: (value) => {","    return UrlValidator.isHttpUri(value);","  },","  error: 'The URL must be valid and be http://',","};","","Validator.isHttpsURL = 'isHttpsURL';","types.isHttpsURL = {","  validate: (value) => {","    return UrlValidator.isHttpsUri(value);","  },","  error: 'The URL must be valid and be https://',","};","","Validator.isHttpsURLIfExists = 'isHttpsURLIfExists';","types.isHttpsURLIfExists = {","  validate: (value) => {","    if (value)","      return UrlValidator.isHttpsUri(value);","    else","      return true;","  },","  error: 'The URL must be valid and be https://',","};","","exports.Validator = Validator;",""],"l":{"26":1,"28":1,"30":1,"31":0,"34":1,"35":0,"37":0,"38":0,"39":0,"41":0,"42":0,"43":0,"45":0,"46":0,"47":0,"50":0,"51":0,"56":1,"57":1,"59":0,"64":1,"65":1,"67":0,"72":1,"73":1,"75":0,"80":1,"81":1,"83":0,"88":1,"89":1,"91":0,"96":1,"97":1,"99":0,"104":1,"105":1,"107":0,"108":0,"110":0,"115":1}},"/home/travis/build/npmtest/node-npmtest-passport-azure-ad/node_modules/passport-azure-ad/Gruntfile.js":{"path":"/home/travis/build/npmtest/node-npmtest-passport-azure-ad/node_modules/passport-azure-ad/Gruntfile.js","s":{"1":1,"2":0,"3":0,"4":0,"5":0,"6":0,"7":0,"8":0,"9":0,"10":0,"11":0,"12":0,"13":0,"14":0,"15":0,"16":0,"17":0,"18":0,"19":0},"b":{},"f":{"1":0},"fnMap":{"1":{"name":"loadGrunt","line":3,"loc":{"start":{"line":3,"column":17},"end":{"line":3,"column":43}}}},"statementMap":{"1":{"start":{"line":3,"column":0},"end":{"line":73,"column":2}},"2":{"start":{"line":5,"column":2},"end":{"line":48,"column":5}},"3":{"start":{"line":51,"column":2},"end":{"line":51,"column":47}},"4":{"start":{"line":52,"column":2},"end":{"line":52,"column":37}},"5":{"start":{"line":53,"column":2},"end":{"line":53,"column":44}},"6":{"start":{"line":54,"column":2},"end":{"line":54,"column":41}},"7":{"start":{"line":56,"column":2},"end":{"line":58,"column":5}},"8":{"start":{"line":57,"column":4},"end":{"line":57,"column":89}},"9":{"start":{"line":59,"column":2},"end":{"line":61,"column":5}},"10":{"start":{"line":60,"column":4},"end":{"line":60,"column":94}},"11":{"start":{"line":62,"column":2},"end":{"line":64,"column":5}},"12":{"start":{"line":63,"column":4},"end":{"line":63,"column":102}},"13":{"start":{"line":65,"column":2},"end":{"line":68,"column":5}},"14":{"start":{"line":66,"column":4},"end":{"line":66,"column":73}},"15":{"start":{"line":67,"column":4},"end":{"line":67,"column":34}},"16":{"start":{"line":69,"column":2},"end":{"line":69,"column":77}},"17":{"start":{"line":70,"column":2},"end":{"line":70,"column":164}},"18":{"start":{"line":71,"column":2},"end":{"line":71,"column":108}},"19":{"start":{"line":72,"column":2},"end":{"line":72,"column":45}}},"branchMap":{},"code":["'use strict';","","module.exports = function loadGrunt(grunt) {","  // Project configuration.","  grunt.initConfig({","    pkg: grunt.file.readJSON('package.json'),","    nodeunit: {","      files: ['test/Nodeunit_test/*_test.js'],","    },","    mochaTest: {","      test: {","        options: {","          reporter: 'spec',","          clearRequireCache: true","        },","        src: ['test/Chai-passport_test/*_test.js'],","      },","    },","    eslint: {","      options: {},","      gruntfile: {","        src: 'Gruntfile.js',","      },","      lib: {","        src: ['lib/**/*.js'],","      },","      examples: {","        src: ['examples/*/*.js'],","      },","      test: {","        src: ['test/**/*.js'],","      },","    },","    watch: {","      gruntfile: {","        files: '<%= eslint.gruntfile.src %>',","        tasks: ['eslint:gruntfile'],","      },","      lib: {","        files: '<%= eslint.lib.src %>',","        tasks: ['eslint:lib', 'nodeunit', 'mochaTest'],","      },","      test: {","        files: '<%= eslint.test.src %>',","        tasks: ['eslint:test', 'nodeunit', 'mochaTest'],","      },","    },","  });","","  // These plugins provide necessary tasks.","  grunt.loadNpmTasks('grunt-contrib-nodeunit');","  grunt.loadNpmTasks('grunt-eslint');","  grunt.loadNpmTasks('grunt-contrib-watch');","  grunt.loadNpmTasks('grunt-mocha-test');","","  grunt.registerTask('printMsg_nodeunit', () => {","    grunt.log.writeln('\\n\\n\\n======= Running tests in test/nodeunit_test =======\\n\\n\\n');","  });","  grunt.registerTask('printMsg_chai-passport', () => {","    grunt.log.writeln('\\n\\n\\n======= Running tests in test/chai-passport_test =======\\n\\n\\n');","  });","  grunt.registerTask('printMsg_end_to_end_Test', () => {","    grunt.log.writeln('\\n\\n\\n======= Running end to end tests in test/End_to_end_test =======\\n\\n\\n');","  });","  grunt.registerTask('end_to_end_test', () => {","    grunt.config('mochaTest.test.src', 'test/End_to_end_test/*_test.js');","    grunt.task.run(['mochaTest']);","  });","  grunt.registerTask('e2e', ['printMsg_end_to_end_Test', 'end_to_end_test']);","  grunt.registerTask('run_tests_with_e2e', ['printMsg_chai-passport', 'mochaTest', 'printMsg_nodeunit', 'nodeunit', 'printMsg_end_to_end_Test', 'end_to_end_test']);","  grunt.registerTask('run_tests', ['printMsg_chai-passport', 'mochaTest', 'printMsg_nodeunit', 'nodeunit']);  ","  grunt.registerTask('default', 'run_tests');","};",""],"l":{"3":1,"5":0,"51":0,"52":0,"53":0,"54":0,"56":0,"57":0,"59":0,"60":0,"62":0,"63":0,"65":0,"66":0,"67":0,"69":0,"70":0,"71":0,"72":0}}}